2018-10-23 16:47:03 INFO  PlaceOrder:54 - New Message 1 inserted
2018-10-23 16:47:03 INFO  PlaceOrder:57 - logger created Successfully
2018-10-23 16:47:03 INFO  PlaceOrder:58 - transactionOrder ID --> 186
2018-10-23 16:47:03 INFO  PlaceOrder:59 - transactionOrder Count --> 9
2018-10-23 16:47:03 INFO  PlaceOrder:60 - transactionOrder URL --> https://www.bestbuy.com/site/google-chromecast-black/4397400.p?skuId=4397400
2018-10-23 16:47:18 INFO  InitializeBrowser:42 - URL to proceed with transaction  -->     https://www.bestbuy.com/site/google-chromecast-black/4397400.p?skuId=4397400
2018-10-23 16:47:19 INFO  BestBuyAddCart:18 - Loop count for transaction --> 1
2018-10-23 16:47:36 INFO  PlaceOrder:87 - chrome not reachable
  (Session info: chrome=70.0.3538.67)
  (Driver info: chromedriver=2.36.540470 (e522d04694c7ebea4ba8821272dbef4f9b818c91),platform=Windows NT 6.1.7601 SP1 x86) (WARNING: The server did not provide any stacktrace information)
Command duration or timeout: 0 milliseconds
Build info: version: '3.6.0', revision: '6fbf3ec767', time: '2017-09-27T16:15:40.131Z'
System info: host: 'SURAJ', ip: '192.168.1.101', os.name: 'Windows 7', os.arch: 'x86', os.version: '6.1', java.version: '1.8.0_151'
Driver info: org.openqa.selenium.chrome.ChromeDriver
Capabilities [{mobileEmulationEnabled=false, hasTouchScreen=false, platform=XP, acceptSslCerts=false, acceptInsecureCerts=false, webStorageEnabled=true, browserName=chrome, takesScreenshot=true, javascriptEnabled=true, platformName=XP, setWindowRect=true, unexpectedAlertBehaviour=, applicationCacheEnabled=false, rotatable=false, networkConnectionEnabled=false, chrome={chromedriverVersion=2.36.540470 (e522d04694c7ebea4ba8821272dbef4f9b818c91), userDataDir=C:\Users\RAVIKU~1\AppData\Local\Temp\scoped_dir9340_12283}, takesHeapSnapshot=true, pageLoadStrategy=normal, unhandledPromptBehavior=, databaseEnabled=false, handlesAlerts=true, version=70.0.3538.67, browserConnectionEnabled=false, nativeEvents=true, locationContextEnabled=true, cssSelectorsEnabled=true}]
Session ID: 10c07804e25e097299470971e992dd58
*** Element info: {Using=xpath, value=//a[@class='us-link']}
2018-10-23 16:47:37 INFO  PlaceOrder:54 - New Message 1 inserted
2018-10-23 16:47:37 INFO  PlaceOrder:57 - logger created Successfully
2018-10-23 16:47:37 INFO  PlaceOrder:58 - transactionOrder ID --> 188
2018-10-23 16:47:37 INFO  PlaceOrder:59 - transactionOrder Count --> 9
2018-10-23 16:47:37 INFO  PlaceOrder:60 - transactionOrder URL --> https://www.bestbuy.com/site/google-chromecast-black/4397400.p?skuId=4397400
2018-10-23 16:47:52 INFO  InitializeBrowser:42 - URL to proceed with transaction  -->     https://www.bestbuy.com/site/google-chromecast-black/4397400.p?skuId=4397400
2018-10-23 16:48:38 INFO  InitializeBrowser:42 - URL to proceed with transaction  -->     https://www.bestbuy.com/site/google-chromecast-black/4397400.p?skuId=4397400
2018-10-23 16:48:41 INFO  BestBuyAddCart:18 - Loop count for transaction --> 1
