2018-10-23 07:24:21 INFO  PlaceOrder:54 - New Message 1 inserted
2018-10-23 07:24:21 INFO  PlaceOrder:49 - Logger created Successfully
2018-10-23 07:24:21 INFO  PlaceOrder:50 - transactionOrder ID --> 144
2018-10-23 07:24:21 INFO  PlaceOrder:51 - transactionOrder Count --> 12
2018-10-23 07:24:21 INFO  PlaceOrder:52 - transactionOrder URL --> https://www.bestbuy.com/site/google-chromecast-black/4397400.p?skuId=4397400
2018-10-23 07:24:21 INFO  PlaceOrder:54 - Loop Count for transaction --> 1
2018-10-23 07:24:28 INFO  InitializeBrowser:40 - Best Buy URL  -->     https://www.bestbuy.com/site/google-chromecast-black/4397400.p?skuId=4397400
2018-10-23 07:24:28 INFO  BestBuyAddCart:8 - Inside add to cart method
2018-10-23 07:24:28 INFO  BestBuyAddCart:9 - Get Country xPath -->  null
2018-10-23 07:24:29 INFO  PlaceOrder:54 - Loop Count for transaction --> 2
2018-10-23 07:24:34 INFO  InitializeBrowser:40 - Best Buy URL  -->     https://www.bestbuy.com/site/google-chromecast-black/4397400.p?skuId=4397400
2018-10-23 07:24:34 INFO  BestBuyAddCart:8 - Inside add to cart method
2018-10-23 07:24:34 INFO  BestBuyAddCart:9 - Get Country xPath -->  null
2018-10-23 07:24:37 INFO  PlaceOrder:54 - Loop Count for transaction --> 3
2018-10-23 07:24:43 INFO  InitializeBrowser:40 - Best Buy URL  -->     https://www.bestbuy.com/site/google-chromecast-black/4397400.p?skuId=4397400
2018-10-23 07:24:43 INFO  BestBuyAddCart:8 - Inside add to cart method
2018-10-23 07:24:43 INFO  BestBuyAddCart:9 - Get Country xPath -->  null
2018-10-23 07:24:44 INFO  PlaceOrder:54 - Loop Count for transaction --> 4
2018-10-23 07:24:50 INFO  InitializeBrowser:40 - Best Buy URL  -->     https://www.bestbuy.com/site/google-chromecast-black/4397400.p?skuId=4397400
2018-10-23 07:24:50 INFO  BestBuyAddCart:8 - Inside add to cart method
2018-10-23 07:24:50 INFO  BestBuyAddCart:9 - Get Country xPath -->  null
2018-10-23 07:24:50 INFO  PlaceOrder:54 - Loop Count for transaction --> 5
2018-10-23 07:24:57 INFO  InitializeBrowser:40 - Best Buy URL  -->     https://www.bestbuy.com/site/google-chromecast-black/4397400.p?skuId=4397400
2018-10-23 07:24:57 INFO  BestBuyAddCart:8 - Inside add to cart method
2018-10-23 07:24:57 INFO  BestBuyAddCart:9 - Get Country xPath -->  null
2018-10-23 07:24:59 INFO  PlaceOrder:54 - Loop Count for transaction --> 6
2018-10-23 07:25:09 INFO  InitializeBrowser:40 - Best Buy URL  -->     https://www.bestbuy.com/site/google-chromecast-black/4397400.p?skuId=4397400
2018-10-23 07:25:09 INFO  BestBuyAddCart:8 - Inside add to cart method
2018-10-23 07:25:09 INFO  BestBuyAddCart:9 - Get Country xPath -->  null
2018-10-23 07:25:10 INFO  PlaceOrder:54 - Loop Count for transaction --> 7
2018-10-23 07:25:14 INFO  InitializeBrowser:40 - Best Buy URL  -->     https://www.bestbuy.com/site/google-chromecast-black/4397400.p?skuId=4397400
2018-10-23 07:25:14 INFO  BestBuyAddCart:8 - Inside add to cart method
2018-10-23 07:25:14 INFO  BestBuyAddCart:9 - Get Country xPath -->  null
2018-10-23 07:25:17 INFO  PlaceOrder:54 - Loop Count for transaction --> 8
2018-10-23 07:25:21 INFO  InitializeBrowser:40 - Best Buy URL  -->     https://www.bestbuy.com/site/google-chromecast-black/4397400.p?skuId=4397400
2018-10-23 07:25:21 INFO  BestBuyAddCart:8 - Inside add to cart method
2018-10-23 07:25:21 INFO  BestBuyAddCart:9 - Get Country xPath -->  null
2018-10-23 07:25:22 INFO  PlaceOrder:54 - Loop Count for transaction --> 9
2018-10-23 07:25:26 INFO  InitializeBrowser:40 - Best Buy URL  -->     https://www.bestbuy.com/site/google-chromecast-black/4397400.p?skuId=4397400
2018-10-23 07:25:26 INFO  BestBuyAddCart:8 - Inside add to cart method
2018-10-23 07:25:26 INFO  BestBuyAddCart:9 - Get Country xPath -->  null
2018-10-23 07:25:28 INFO  PlaceOrder:54 - Loop Count for transaction --> 10
2018-10-23 07:25:32 INFO  InitializeBrowser:40 - Best Buy URL  -->     https://www.bestbuy.com/site/google-chromecast-black/4397400.p?skuId=4397400
2018-10-23 07:25:32 INFO  BestBuyAddCart:8 - Inside add to cart method
2018-10-23 07:25:32 INFO  BestBuyAddCart:9 - Get Country xPath -->  null
2018-10-23 07:25:33 INFO  PlaceOrder:54 - Loop Count for transaction --> 11
2018-10-23 07:25:37 INFO  InitializeBrowser:40 - Best Buy URL  -->     https://www.bestbuy.com/site/google-chromecast-black/4397400.p?skuId=4397400
2018-10-23 07:25:37 INFO  BestBuyAddCart:8 - Inside add to cart method
2018-10-23 07:25:37 INFO  BestBuyAddCart:9 - Get Country xPath -->  null
2018-10-23 07:25:38 INFO  PlaceOrder:54 - Loop Count for transaction --> 12
2018-10-23 07:25:42 INFO  InitializeBrowser:40 - Best Buy URL  -->     https://www.bestbuy.com/site/google-chromecast-black/4397400.p?skuId=4397400
2018-10-23 07:25:42 INFO  BestBuyAddCart:8 - Inside add to cart method
2018-10-23 07:25:42 INFO  BestBuyAddCart:9 - Get Country xPath -->  null
2018-10-23 07:25:45 INFO  PlaceOrder:54 - New Message 1 inserted
2018-10-23 07:25:45 INFO  PlaceOrder:49 - Logger created Successfully
2018-10-23 07:25:45 INFO  PlaceOrder:50 - transactionOrder ID --> 145
2018-10-23 07:25:45 INFO  PlaceOrder:51 - transactionOrder Count --> 2
2018-10-23 07:25:45 INFO  PlaceOrder:52 - transactionOrder URL --> https://www.bestbuy.com/site/google-home-mini-smart-speaker-with-google-assistant-charcoal/6082195.p?skuId=6082195
2018-10-23 07:25:45 INFO  PlaceOrder:54 - Loop Count for transaction --> 1
2018-10-23 07:25:49 INFO  InitializeBrowser:40 - Best Buy URL  -->     https://www.bestbuy.com/site/google-home-mini-smart-speaker-with-google-assistant-charcoal/6082195.p?skuId=6082195
2018-10-23 07:25:49 INFO  BestBuyAddCart:8 - Inside add to cart method
2018-10-23 07:25:49 INFO  BestBuyAddCart:9 - Get Country xPath -->  null
2018-10-23 07:25:50 INFO  PlaceOrder:54 - Loop Count for transaction --> 2
2018-10-23 07:25:54 INFO  InitializeBrowser:40 - Best Buy URL  -->     https://www.bestbuy.com/site/google-home-mini-smart-speaker-with-google-assistant-charcoal/6082195.p?skuId=6082195
2018-10-23 07:25:54 INFO  BestBuyAddCart:8 - Inside add to cart method
2018-10-23 07:25:54 INFO  BestBuyAddCart:9 - Get Country xPath -->  null
2018-10-23 07:28:36 INFO  PlaceOrder:54 - New Message 1 inserted
2018-10-23 07:28:36 INFO  PlaceOrder:? - Logger created Successfully
2018-10-23 07:28:36 INFO  PlaceOrder:? - transactionOrder ID --> 164
2018-10-23 07:28:36 INFO  PlaceOrder:? - transactionOrder Count --> 9
2018-10-23 07:28:36 INFO  PlaceOrder:? - transactionOrder URL --> https://www.bestbuy.com/site/google-chromecast-black/4397400.p?skuId=4397400
2018-10-23 07:28:36 INFO  PlaceOrder:? - Loop Count for transaction --> 1
2018-10-23 07:28:40 INFO  InitializeBrowser:40 - Best Buy URL  -->     https://www.bestbuy.com/site/google-chromecast-black/4397400.p?skuId=4397400
2018-10-23 07:28:40 INFO  BestBuyAddCart:8 - Inside add to cart method
2018-10-23 07:28:40 INFO  BestBuyAddCart:9 - Get Country xPath -->  null
2018-10-23 07:28:41 INFO  PlaceOrder:? - Loop Count for transaction --> 2
2018-10-23 07:28:45 INFO  InitializeBrowser:40 - Best Buy URL  -->     https://www.bestbuy.com/site/google-chromecast-black/4397400.p?skuId=4397400
2018-10-23 07:28:45 INFO  BestBuyAddCart:8 - Inside add to cart method
2018-10-23 07:28:45 INFO  BestBuyAddCart:9 - Get Country xPath -->  null
2018-10-23 07:28:46 INFO  PlaceOrder:? - Loop Count for transaction --> 3
2018-10-23 07:28:50 INFO  InitializeBrowser:40 - Best Buy URL  -->     https://www.bestbuy.com/site/google-chromecast-black/4397400.p?skuId=4397400
2018-10-23 07:28:50 INFO  BestBuyAddCart:8 - Inside add to cart method
2018-10-23 07:28:50 INFO  BestBuyAddCart:9 - Get Country xPath -->  null
2018-10-23 07:28:52 INFO  PlaceOrder:? - Loop Count for transaction --> 4
2018-10-23 07:28:57 INFO  InitializeBrowser:40 - Best Buy URL  -->     https://www.bestbuy.com/site/google-chromecast-black/4397400.p?skuId=4397400
2018-10-23 07:28:57 INFO  BestBuyAddCart:8 - Inside add to cart method
2018-10-23 07:28:57 INFO  BestBuyAddCart:9 - Get Country xPath -->  null
2018-10-23 07:28:59 INFO  PlaceOrder:? - Loop Count for transaction --> 5
2018-10-23 07:29:03 INFO  InitializeBrowser:40 - Best Buy URL  -->     https://www.bestbuy.com/site/google-chromecast-black/4397400.p?skuId=4397400
2018-10-23 07:29:03 INFO  BestBuyAddCart:8 - Inside add to cart method
2018-10-23 07:29:03 INFO  BestBuyAddCart:9 - Get Country xPath -->  null
2018-10-23 07:29:04 INFO  PlaceOrder:? - Loop Count for transaction --> 6
2018-10-23 07:29:09 INFO  InitializeBrowser:40 - Best Buy URL  -->     https://www.bestbuy.com/site/google-chromecast-black/4397400.p?skuId=4397400
2018-10-23 07:29:09 INFO  BestBuyAddCart:8 - Inside add to cart method
2018-10-23 07:29:09 INFO  BestBuyAddCart:9 - Get Country xPath -->  null
2018-10-23 07:29:10 INFO  PlaceOrder:? - Loop Count for transaction --> 7
2018-10-23 07:29:14 INFO  InitializeBrowser:40 - Best Buy URL  -->     https://www.bestbuy.com/site/google-chromecast-black/4397400.p?skuId=4397400
2018-10-23 07:29:14 INFO  BestBuyAddCart:8 - Inside add to cart method
2018-10-23 07:29:14 INFO  BestBuyAddCart:9 - Get Country xPath -->  null
2018-10-23 07:29:15 INFO  PlaceOrder:? - Loop Count for transaction --> 8
2018-10-23 07:29:19 INFO  InitializeBrowser:40 - Best Buy URL  -->     https://www.bestbuy.com/site/google-chromecast-black/4397400.p?skuId=4397400
2018-10-23 07:29:19 INFO  BestBuyAddCart:8 - Inside add to cart method
2018-10-23 07:29:19 INFO  BestBuyAddCart:9 - Get Country xPath -->  null
2018-10-23 07:29:20 INFO  PlaceOrder:? - Loop Count for transaction --> 9
2018-10-23 07:29:24 INFO  InitializeBrowser:40 - Best Buy URL  -->     https://www.bestbuy.com/site/google-chromecast-black/4397400.p?skuId=4397400
2018-10-23 07:29:24 INFO  BestBuyAddCart:8 - Inside add to cart method
2018-10-23 07:29:24 INFO  BestBuyAddCart:9 - Get Country xPath -->  null
2018-10-23 07:29:25 INFO  PlaceOrder:54 - New Message 1 inserted
2018-10-23 07:29:25 INFO  PlaceOrder:? - Logger created Successfully
2018-10-23 07:29:25 INFO  PlaceOrder:? - transactionOrder ID --> 165
2018-10-23 07:29:25 INFO  PlaceOrder:? - transactionOrder Count --> 5
2018-10-23 07:29:25 INFO  PlaceOrder:? - transactionOrder URL --> https://www.bestbuy.com/site/google-home-mini-smart-speaker-with-google-assistant-charcoal/6082195.p?skuId=6082195
2018-10-23 07:29:25 INFO  PlaceOrder:? - Loop Count for transaction --> 1
2018-10-23 07:29:29 INFO  InitializeBrowser:40 - Best Buy URL  -->     https://www.bestbuy.com/site/google-home-mini-smart-speaker-with-google-assistant-charcoal/6082195.p?skuId=6082195
2018-10-23 07:29:29 INFO  BestBuyAddCart:8 - Inside add to cart method
2018-10-23 07:29:29 INFO  BestBuyAddCart:9 - Get Country xPath -->  null
2018-10-23 07:29:32 INFO  PlaceOrder:? - Loop Count for transaction --> 2
2018-10-23 07:29:36 INFO  InitializeBrowser:40 - Best Buy URL  -->     https://www.bestbuy.com/site/google-home-mini-smart-speaker-with-google-assistant-charcoal/6082195.p?skuId=6082195
2018-10-23 07:29:36 INFO  BestBuyAddCart:8 - Inside add to cart method
2018-10-23 07:29:36 INFO  BestBuyAddCart:9 - Get Country xPath -->  null
2018-10-23 07:29:37 INFO  PlaceOrder:? - Loop Count for transaction --> 3
2018-10-23 07:29:41 INFO  InitializeBrowser:40 - Best Buy URL  -->     https://www.bestbuy.com/site/google-home-mini-smart-speaker-with-google-assistant-charcoal/6082195.p?skuId=6082195
2018-10-23 07:29:41 INFO  BestBuyAddCart:8 - Inside add to cart method
2018-10-23 07:29:41 INFO  BestBuyAddCart:9 - Get Country xPath -->  null
2018-10-23 07:29:42 INFO  PlaceOrder:? - Loop Count for transaction --> 4
2018-10-23 07:29:46 INFO  InitializeBrowser:40 - Best Buy URL  -->     https://www.bestbuy.com/site/google-home-mini-smart-speaker-with-google-assistant-charcoal/6082195.p?skuId=6082195
2018-10-23 07:29:46 INFO  BestBuyAddCart:8 - Inside add to cart method
2018-10-23 07:29:46 INFO  BestBuyAddCart:9 - Get Country xPath -->  null
2018-10-23 07:29:47 INFO  PlaceOrder:? - Loop Count for transaction --> 5
2018-10-23 07:29:51 INFO  InitializeBrowser:40 - Best Buy URL  -->     https://www.bestbuy.com/site/google-home-mini-smart-speaker-with-google-assistant-charcoal/6082195.p?skuId=6082195
2018-10-23 07:29:51 INFO  BestBuyAddCart:8 - Inside add to cart method
2018-10-23 07:29:51 INFO  BestBuyAddCart:9 - Get Country xPath -->  null
2018-10-23 07:29:52 INFO  PlaceOrder:54 - New Message 1 inserted
2018-10-23 07:29:52 INFO  PlaceOrder:? - Logger created Successfully
2018-10-23 07:29:52 INFO  PlaceOrder:? - transactionOrder ID --> 166
2018-10-23 07:29:52 INFO  PlaceOrder:? - transactionOrder Count --> 12
2018-10-23 07:29:52 INFO  PlaceOrder:? - transactionOrder URL --> https://www.bestbuy.com/site/google-chromecast-black/4397400.p?skuId=4397400
2018-10-23 07:29:52 INFO  PlaceOrder:? - Loop Count for transaction --> 1
2018-10-23 07:29:57 INFO  InitializeBrowser:40 - Best Buy URL  -->     https://www.bestbuy.com/site/google-chromecast-black/4397400.p?skuId=4397400
2018-10-23 07:29:57 INFO  BestBuyAddCart:8 - Inside add to cart method
2018-10-23 07:29:57 INFO  BestBuyAddCart:9 - Get Country xPath -->  null
2018-10-23 07:29:59 INFO  PlaceOrder:? - Loop Count for transaction --> 2
2018-10-23 07:30:04 INFO  InitializeBrowser:40 - Best Buy URL  -->     https://www.bestbuy.com/site/google-chromecast-black/4397400.p?skuId=4397400
2018-10-23 07:30:04 INFO  BestBuyAddCart:8 - Inside add to cart method
2018-10-23 07:30:04 INFO  BestBuyAddCart:9 - Get Country xPath -->  null
2018-10-23 07:30:05 INFO  PlaceOrder:? - Loop Count for transaction --> 3
2018-10-23 07:30:09 INFO  InitializeBrowser:40 - Best Buy URL  -->     https://www.bestbuy.com/site/google-chromecast-black/4397400.p?skuId=4397400
2018-10-23 07:30:09 INFO  BestBuyAddCart:8 - Inside add to cart method
2018-10-23 07:30:09 INFO  BestBuyAddCart:9 - Get Country xPath -->  null
2018-10-23 07:30:10 INFO  PlaceOrder:? - Loop Count for transaction --> 4
2018-10-23 07:30:14 INFO  InitializeBrowser:40 - Best Buy URL  -->     https://www.bestbuy.com/site/google-chromecast-black/4397400.p?skuId=4397400
2018-10-23 07:30:14 INFO  BestBuyAddCart:8 - Inside add to cart method
2018-10-23 07:30:14 INFO  BestBuyAddCart:9 - Get Country xPath -->  null
2018-10-23 07:30:15 INFO  PlaceOrder:? - Loop Count for transaction --> 5
2018-10-23 07:30:19 INFO  InitializeBrowser:40 - Best Buy URL  -->     https://www.bestbuy.com/site/google-chromecast-black/4397400.p?skuId=4397400
2018-10-23 07:30:19 INFO  BestBuyAddCart:8 - Inside add to cart method
2018-10-23 07:30:19 INFO  BestBuyAddCart:9 - Get Country xPath -->  null
2018-10-23 07:30:20 INFO  PlaceOrder:? - Loop Count for transaction --> 6
2018-10-23 07:30:25 INFO  InitializeBrowser:40 - Best Buy URL  -->     https://www.bestbuy.com/site/google-chromecast-black/4397400.p?skuId=4397400
2018-10-23 07:30:25 INFO  BestBuyAddCart:8 - Inside add to cart method
2018-10-23 07:30:25 INFO  BestBuyAddCart:9 - Get Country xPath -->  null
2018-10-23 07:30:26 INFO  PlaceOrder:? - Loop Count for transaction --> 7
2018-10-23 07:30:30 INFO  InitializeBrowser:40 - Best Buy URL  -->     https://www.bestbuy.com/site/google-chromecast-black/4397400.p?skuId=4397400
2018-10-23 07:30:30 INFO  BestBuyAddCart:8 - Inside add to cart method
2018-10-23 07:30:30 INFO  BestBuyAddCart:9 - Get Country xPath -->  null
2018-10-23 07:30:32 INFO  PlaceOrder:? - Loop Count for transaction --> 8
2018-10-23 07:30:36 INFO  InitializeBrowser:40 - Best Buy URL  -->     https://www.bestbuy.com/site/google-chromecast-black/4397400.p?skuId=4397400
2018-10-23 07:30:36 INFO  BestBuyAddCart:8 - Inside add to cart method
2018-10-23 07:30:36 INFO  BestBuyAddCart:9 - Get Country xPath -->  null
2018-10-23 07:30:37 INFO  PlaceOrder:? - Loop Count for transaction --> 9
2018-10-23 07:30:41 INFO  InitializeBrowser:40 - Best Buy URL  -->     https://www.bestbuy.com/site/google-chromecast-black/4397400.p?skuId=4397400
2018-10-23 07:30:41 INFO  BestBuyAddCart:8 - Inside add to cart method
2018-10-23 07:30:41 INFO  BestBuyAddCart:9 - Get Country xPath -->  null
2018-10-23 07:30:42 INFO  PlaceOrder:? - Loop Count for transaction --> 10
2018-10-23 07:30:47 INFO  InitializeBrowser:40 - Best Buy URL  -->     https://www.bestbuy.com/site/google-chromecast-black/4397400.p?skuId=4397400
2018-10-23 07:30:47 INFO  BestBuyAddCart:8 - Inside add to cart method
2018-10-23 07:30:47 INFO  BestBuyAddCart:9 - Get Country xPath -->  null
2018-10-23 07:30:48 INFO  PlaceOrder:? - Loop Count for transaction --> 11
2018-10-23 07:30:52 INFO  InitializeBrowser:40 - Best Buy URL  -->     https://www.bestbuy.com/site/google-chromecast-black/4397400.p?skuId=4397400
2018-10-23 07:30:52 INFO  BestBuyAddCart:8 - Inside add to cart method
2018-10-23 07:30:52 INFO  BestBuyAddCart:9 - Get Country xPath -->  null
2018-10-23 07:30:53 INFO  PlaceOrder:? - Loop Count for transaction --> 12
2018-10-23 07:30:57 INFO  InitializeBrowser:40 - Best Buy URL  -->     https://www.bestbuy.com/site/google-chromecast-black/4397400.p?skuId=4397400
2018-10-23 07:30:57 INFO  BestBuyAddCart:8 - Inside add to cart method
2018-10-23 07:30:57 INFO  BestBuyAddCart:9 - Get Country xPath -->  null
2018-10-23 07:30:58 INFO  PlaceOrder:54 - New Message 1 inserted
2018-10-23 07:30:58 INFO  PlaceOrder:? - Logger created Successfully
2018-10-23 07:30:58 INFO  PlaceOrder:? - transactionOrder ID --> 167
2018-10-23 07:30:58 INFO  PlaceOrder:? - transactionOrder Count --> 2
2018-10-23 07:30:58 INFO  PlaceOrder:? - transactionOrder URL --> https://www.bestbuy.com/site/google-home-mini-smart-speaker-with-google-assistant-charcoal/6082195.p?skuId=6082195
2018-10-23 07:30:58 INFO  PlaceOrder:? - Loop Count for transaction --> 1
