2018-10-23 07:32:31 INFO  PlaceOrder:54 - New Message 1 inserted
2018-10-23 07:32:31 INFO  PlaceOrder:49 - Logger created Successfully
2018-10-23 07:32:31 INFO  PlaceOrder:50 - transactionOrder ID --> 168
2018-10-23 07:32:31 INFO  PlaceOrder:51 - transactionOrder Count --> 12
2018-10-23 07:32:31 INFO  PlaceOrder:52 - transactionOrder URL --> https://www.bestbuy.com/site/google-chromecast-black/4397400.p?skuId=4397400
2018-10-23 07:32:31 INFO  PlaceOrder:54 - Loop Count for transaction --> 1
2018-10-23 07:32:39 INFO  InitializeBrowser:40 - Best Buy URL  -->     https://www.bestbuy.com/site/google-chromecast-black/4397400.p?skuId=4397400
2018-10-23 07:32:39 INFO  BestBuyAddCart:8 - Inside add to cart method
2018-10-23 07:32:39 INFO  BestBuyAddCart:9 - Get Country xPath -->  null
2018-10-23 07:32:40 INFO  PlaceOrder:54 - Loop Count for transaction --> 2
2018-10-23 07:32:46 INFO  InitializeBrowser:40 - Best Buy URL  -->     https://www.bestbuy.com/site/google-chromecast-black/4397400.p?skuId=4397400
2018-10-23 07:32:46 INFO  BestBuyAddCart:8 - Inside add to cart method
2018-10-23 07:32:46 INFO  BestBuyAddCart:9 - Get Country xPath -->  null
2018-10-23 07:32:46 INFO  PlaceOrder:54 - Loop Count for transaction --> 3
2018-10-23 07:32:52 INFO  InitializeBrowser:40 - Best Buy URL  -->     https://www.bestbuy.com/site/google-chromecast-black/4397400.p?skuId=4397400
2018-10-23 07:32:52 INFO  BestBuyAddCart:8 - Inside add to cart method
2018-10-23 07:32:52 INFO  BestBuyAddCart:9 - Get Country xPath -->  null
2018-10-23 07:32:54 INFO  PlaceOrder:54 - Loop Count for transaction --> 4
2018-10-23 07:33:01 INFO  InitializeBrowser:40 - Best Buy URL  -->     https://www.bestbuy.com/site/google-chromecast-black/4397400.p?skuId=4397400
2018-10-23 07:33:01 INFO  BestBuyAddCart:8 - Inside add to cart method
2018-10-23 07:33:01 INFO  BestBuyAddCart:9 - Get Country xPath -->  null
2018-10-23 07:33:02 INFO  PlaceOrder:54 - Loop Count for transaction --> 5
2018-10-23 07:33:06 INFO  InitializeBrowser:40 - Best Buy URL  -->     https://www.bestbuy.com/site/google-chromecast-black/4397400.p?skuId=4397400
2018-10-23 07:33:06 INFO  BestBuyAddCart:8 - Inside add to cart method
2018-10-23 07:33:06 INFO  BestBuyAddCart:9 - Get Country xPath -->  null
2018-10-23 07:33:07 INFO  PlaceOrder:54 - Loop Count for transaction --> 6
2018-10-23 07:33:11 INFO  InitializeBrowser:40 - Best Buy URL  -->     https://www.bestbuy.com/site/google-chromecast-black/4397400.p?skuId=4397400
2018-10-23 07:33:11 INFO  BestBuyAddCart:8 - Inside add to cart method
2018-10-23 07:33:11 INFO  BestBuyAddCart:9 - Get Country xPath -->  null
2018-10-23 07:33:14 INFO  PlaceOrder:54 - Loop Count for transaction --> 7
2018-10-23 07:33:18 INFO  InitializeBrowser:40 - Best Buy URL  -->     https://www.bestbuy.com/site/google-chromecast-black/4397400.p?skuId=4397400
2018-10-23 07:33:18 INFO  BestBuyAddCart:8 - Inside add to cart method
2018-10-23 07:33:18 INFO  BestBuyAddCart:9 - Get Country xPath -->  null
2018-10-23 07:33:19 INFO  PlaceOrder:54 - Loop Count for transaction --> 8
2018-10-23 07:33:23 INFO  InitializeBrowser:40 - Best Buy URL  -->     https://www.bestbuy.com/site/google-chromecast-black/4397400.p?skuId=4397400
2018-10-23 07:33:23 INFO  BestBuyAddCart:8 - Inside add to cart method
2018-10-23 07:33:23 INFO  BestBuyAddCart:9 - Get Country xPath -->  null
2018-10-23 07:33:26 INFO  PlaceOrder:54 - Loop Count for transaction --> 9
2018-10-23 07:33:30 INFO  InitializeBrowser:40 - Best Buy URL  -->     https://www.bestbuy.com/site/google-chromecast-black/4397400.p?skuId=4397400
2018-10-23 07:33:30 INFO  BestBuyAddCart:8 - Inside add to cart method
2018-10-23 07:33:30 INFO  BestBuyAddCart:9 - Get Country xPath -->  null
2018-10-23 07:33:33 INFO  PlaceOrder:54 - Loop Count for transaction --> 10
2018-10-23 07:33:37 INFO  InitializeBrowser:40 - Best Buy URL  -->     https://www.bestbuy.com/site/google-chromecast-black/4397400.p?skuId=4397400
2018-10-23 07:33:37 INFO  BestBuyAddCart:8 - Inside add to cart method
2018-10-23 07:33:37 INFO  BestBuyAddCart:9 - Get Country xPath -->  null
2018-10-23 07:33:38 INFO  PlaceOrder:54 - Loop Count for transaction --> 11
2018-10-23 07:33:42 INFO  InitializeBrowser:40 - Best Buy URL  -->     https://www.bestbuy.com/site/google-chromecast-black/4397400.p?skuId=4397400
2018-10-23 07:33:42 INFO  BestBuyAddCart:8 - Inside add to cart method
2018-10-23 07:33:42 INFO  BestBuyAddCart:9 - Get Country xPath -->  null
2018-10-23 07:33:43 INFO  PlaceOrder:54 - Loop Count for transaction --> 12
2018-10-23 07:33:47 INFO  InitializeBrowser:40 - Best Buy URL  -->     https://www.bestbuy.com/site/google-chromecast-black/4397400.p?skuId=4397400
2018-10-23 07:33:47 INFO  BestBuyAddCart:8 - Inside add to cart method
2018-10-23 07:33:47 INFO  BestBuyAddCart:9 - Get Country xPath -->  null
2018-10-23 07:33:48 INFO  PlaceOrder:54 - New Message 1 inserted
2018-10-23 07:33:48 INFO  PlaceOrder:49 - Logger created Successfully
2018-10-23 07:33:48 INFO  PlaceOrder:50 - transactionOrder ID --> 169
2018-10-23 07:33:48 INFO  PlaceOrder:51 - transactionOrder Count --> 2
2018-10-23 07:33:48 INFO  PlaceOrder:52 - transactionOrder URL --> https://www.bestbuy.com/site/google-home-mini-smart-speaker-with-google-assistant-charcoal/6082195.p?skuId=6082195
2018-10-23 07:33:48 INFO  PlaceOrder:54 - Loop Count for transaction --> 1
2018-10-23 07:33:52 INFO  InitializeBrowser:40 - Best Buy URL  -->     https://www.bestbuy.com/site/google-home-mini-smart-speaker-with-google-assistant-charcoal/6082195.p?skuId=6082195
2018-10-23 07:33:52 INFO  BestBuyAddCart:8 - Inside add to cart method
2018-10-23 07:33:52 INFO  BestBuyAddCart:9 - Get Country xPath -->  null
2018-10-23 07:33:53 INFO  PlaceOrder:54 - Loop Count for transaction --> 2
2018-10-23 07:33:57 INFO  InitializeBrowser:40 - Best Buy URL  -->     https://www.bestbuy.com/site/google-home-mini-smart-speaker-with-google-assistant-charcoal/6082195.p?skuId=6082195
2018-10-23 07:33:57 INFO  BestBuyAddCart:8 - Inside add to cart method
2018-10-23 07:33:57 INFO  BestBuyAddCart:9 - Get Country xPath -->  null
