2018-10-23 07:06:14 INFO  PlaceOrder:54 - New Message 1 inserted
2018-10-23 07:06:15 INFO  PlaceOrder:48 - Logger created Successfully
2018-10-23 07:06:16 INFO  PlaceOrder:49 - transactionOrder ID --> 142
2018-10-23 07:06:16 INFO  PlaceOrder:50 - transactionOrder Count --> 10
2018-10-23 07:06:17 INFO  PlaceOrder:51 - transactionOrder URL --> https://www.bestbuy.com/site/google-chromecast-black/4397400.p?skuId=4397400
2018-10-23 07:06:18 INFO  PlaceOrder:53 - Loop Count for transaction --> 1
2018-10-23 07:06:28 INFO  InitializeBrowser:40 - Best Buy URL  -->     https://www.bestbuy.com/site/google-chromecast-black/4397400.p?skuId=4397400
2018-10-23 07:06:28 INFO  BestBuyAddCart:8 - Inside add to cart method
2018-10-23 07:06:31 INFO  BestBuyAddCart:9 - Get Country xPath -->  null
2018-10-23 07:07:01 INFO  PlaceOrder:53 - Loop Count for transaction --> 2
2018-10-23 07:07:06 INFO  InitializeBrowser:40 - Best Buy URL  -->     https://www.bestbuy.com/site/google-chromecast-black/4397400.p?skuId=4397400
2018-10-23 07:07:06 INFO  BestBuyAddCart:8 - Inside add to cart method
2018-10-23 07:07:26 INFO  BestBuyAddCart:9 - Get Country xPath -->  null
2018-10-23 07:07:29 INFO  PlaceOrder:53 - Loop Count for transaction --> 3
2018-10-23 07:07:34 INFO  InitializeBrowser:40 - Best Buy URL  -->     https://www.bestbuy.com/site/google-chromecast-black/4397400.p?skuId=4397400
2018-10-23 07:07:34 INFO  BestBuyAddCart:8 - Inside add to cart method
2018-10-23 07:07:34 INFO  BestBuyAddCart:9 - Get Country xPath -->  null
2018-10-23 07:07:36 INFO  PlaceOrder:53 - Loop Count for transaction --> 4
2018-10-23 07:07:44 INFO  InitializeBrowser:40 - Best Buy URL  -->     https://www.bestbuy.com/site/google-chromecast-black/4397400.p?skuId=4397400
2018-10-23 07:07:44 INFO  BestBuyAddCart:8 - Inside add to cart method
2018-10-23 07:07:44 INFO  BestBuyAddCart:9 - Get Country xPath -->  null
2018-10-23 07:07:45 INFO  PlaceOrder:53 - Loop Count for transaction --> 5
2018-10-23 07:07:50 INFO  InitializeBrowser:40 - Best Buy URL  -->     https://www.bestbuy.com/site/google-chromecast-black/4397400.p?skuId=4397400
2018-10-23 07:07:50 INFO  BestBuyAddCart:8 - Inside add to cart method
2018-10-23 07:07:50 INFO  BestBuyAddCart:9 - Get Country xPath -->  null
2018-10-23 07:07:51 INFO  PlaceOrder:53 - Loop Count for transaction --> 6
2018-10-23 07:07:58 INFO  InitializeBrowser:40 - Best Buy URL  -->     https://www.bestbuy.com/site/google-chromecast-black/4397400.p?skuId=4397400
2018-10-23 07:07:58 INFO  BestBuyAddCart:8 - Inside add to cart method
2018-10-23 07:07:58 INFO  BestBuyAddCart:9 - Get Country xPath -->  null
2018-10-23 07:07:59 INFO  PlaceOrder:53 - Loop Count for transaction --> 7
2018-10-23 07:08:03 INFO  InitializeBrowser:40 - Best Buy URL  -->     https://www.bestbuy.com/site/google-chromecast-black/4397400.p?skuId=4397400
2018-10-23 07:08:03 INFO  BestBuyAddCart:8 - Inside add to cart method
2018-10-23 07:08:03 INFO  BestBuyAddCart:9 - Get Country xPath -->  null
2018-10-23 07:08:04 INFO  PlaceOrder:53 - Loop Count for transaction --> 8
2018-10-23 07:08:09 INFO  InitializeBrowser:40 - Best Buy URL  -->     https://www.bestbuy.com/site/google-chromecast-black/4397400.p?skuId=4397400
2018-10-23 07:08:09 INFO  BestBuyAddCart:8 - Inside add to cart method
2018-10-23 07:08:09 INFO  BestBuyAddCart:9 - Get Country xPath -->  null
2018-10-23 07:08:10 INFO  PlaceOrder:53 - Loop Count for transaction --> 9
2018-10-23 07:08:16 INFO  InitializeBrowser:40 - Best Buy URL  -->     https://www.bestbuy.com/site/google-chromecast-black/4397400.p?skuId=4397400
2018-10-23 07:08:16 INFO  BestBuyAddCart:8 - Inside add to cart method
2018-10-23 07:08:16 INFO  BestBuyAddCart:9 - Get Country xPath -->  null
2018-10-23 07:08:18 INFO  PlaceOrder:53 - Loop Count for transaction --> 10
2018-10-23 07:08:23 INFO  InitializeBrowser:40 - Best Buy URL  -->     https://www.bestbuy.com/site/google-chromecast-black/4397400.p?skuId=4397400
2018-10-23 07:08:23 INFO  BestBuyAddCart:8 - Inside add to cart method
2018-10-23 07:08:23 INFO  BestBuyAddCart:9 - Get Country xPath -->  null
2018-10-23 07:08:24 INFO  PlaceOrder:54 - New Message 1 inserted
2018-10-23 07:08:24 INFO  PlaceOrder:48 - Logger created Successfully
2018-10-23 07:08:24 INFO  PlaceOrder:49 - transactionOrder ID --> 143
2018-10-23 07:08:24 INFO  PlaceOrder:50 - transactionOrder Count --> 2
2018-10-23 07:08:24 INFO  PlaceOrder:51 - transactionOrder URL --> https://www.bestbuy.com/site/google-home-mini-smart-speaker-with-google-assistant-charcoal/6082195.p?skuId=6082195
2018-10-23 07:08:24 INFO  PlaceOrder:53 - Loop Count for transaction --> 1
2018-10-23 07:08:30 INFO  InitializeBrowser:40 - Best Buy URL  -->     https://www.bestbuy.com/site/google-home-mini-smart-speaker-with-google-assistant-charcoal/6082195.p?skuId=6082195
2018-10-23 07:08:30 INFO  BestBuyAddCart:8 - Inside add to cart method
2018-10-23 07:08:30 INFO  BestBuyAddCart:9 - Get Country xPath -->  null
2018-10-23 07:08:31 INFO  PlaceOrder:53 - Loop Count for transaction --> 2
2018-10-23 07:08:35 INFO  InitializeBrowser:40 - Best Buy URL  -->     https://www.bestbuy.com/site/google-home-mini-smart-speaker-with-google-assistant-charcoal/6082195.p?skuId=6082195
2018-10-23 07:08:35 INFO  BestBuyAddCart:8 - Inside add to cart method
2018-10-23 07:08:35 INFO  BestBuyAddCart:9 - Get Country xPath -->  null
2018-10-23 15:56:41 INFO  PlaceOrder:54 - New Message 1 inserted
2018-10-23 15:56:41 INFO  PlaceOrder:54 - logger created Successfully
2018-10-23 15:56:41 INFO  PlaceOrder:55 - transactionOrder ID --> 142
2018-10-23 15:56:41 INFO  PlaceOrder:56 - transactionOrder Count --> 2
2018-10-23 15:56:41 INFO  PlaceOrder:57 - transactionOrder URL --> https://www.bestbuy.com/site/google-chromecast-black/4397400.p?skuId=4397400
2018-10-23 15:56:41 INFO  PlaceOrder:59 - Loop count for transaction --> 1
2018-10-23 15:56:51 INFO  InitializeBrowser:41 - URL to proceed with transaction  -->     https://www.bestbuy.com/site/google-chromecast-black/4397400.p?skuId=4397400
2018-10-23 15:56:57 INFO  BestBuyAddCart:10 - Inside add to cart method
2018-10-23 15:56:57 INFO  BestBuyAddCart:11 - Get Country xPath -->  null
2018-10-23 15:58:14 INFO  InitializeBrowser:42 - URL to proceed with transaction  -->     https://www.bestbuy.com/site/google-chromecast-black/4397400.p?skuId=4397400
2018-10-23 15:58:17 INFO  BestBuyAddCart:10 - Inside add to cart method
2018-10-23 15:58:17 INFO  BestBuyAddCart:11 - Get Country xPath -->  null
2018-10-23 16:02:50 INFO  PlaceOrder:54 - New Message 1 inserted
2018-10-23 16:02:50 INFO  PlaceOrder:54 - logger created Successfully
2018-10-23 16:02:50 INFO  PlaceOrder:55 - transactionOrder ID --> 142
2018-10-23 16:02:50 INFO  PlaceOrder:56 - transactionOrder Count --> 2
2018-10-23 16:02:50 INFO  PlaceOrder:57 - transactionOrder URL --> https://www.bestbuy.com/site/google-chromecast-black/4397400.p?skuId=4397400
2018-10-23 16:02:50 INFO  PlaceOrder:59 - Loop count for transaction --> 1
2018-10-23 16:03:01 INFO  InitializeBrowser:42 - URL to proceed with transaction  -->     https://www.bestbuy.com/site/google-chromecast-black/4397400.p?skuId=4397400
2018-10-23 16:03:09 INFO  BestBuyAddCart:13 - Inside add to cart method
2018-10-23 16:03:09 INFO  BestBuyAddCart:14 - Get Country xPath -->  [[ChromeDriver: chrome on XP (e013cfc23c6d04fb23a6585c9c93831d)] -> xpath: //a[@class='us-link']]
2018-10-23 16:04:39 INFO  PlaceOrder:59 - Loop count for transaction --> 2
2018-10-23 16:04:47 INFO  InitializeBrowser:42 - URL to proceed with transaction  -->     https://www.bestbuy.com/site/google-chromecast-black/4397400.p?skuId=4397400
2018-10-23 16:05:02 INFO  BestBuyAddCart:13 - Inside add to cart method
2018-10-23 16:05:03 INFO  BestBuyAddCart:14 - Get Country xPath -->  [[ChromeDriver: chrome on XP (0013bb02788ac9bff7fdaaf4d7145328)] -> xpath: //a[@class='us-link']]
2018-10-23 16:16:08 INFO  PlaceOrder:54 - New Message 1 inserted
2018-10-23 16:16:08 INFO  PlaceOrder:56 - logger created Successfully
2018-10-23 16:16:08 INFO  PlaceOrder:57 - transactionOrder ID --> 142
2018-10-23 16:16:08 INFO  PlaceOrder:58 - transactionOrder Count --> 2
2018-10-23 16:16:08 INFO  PlaceOrder:59 - transactionOrder URL --> https://www.bestbuy.com/site/google-chromecast-black/4397400.p?skuId=4397400
2018-10-23 16:16:08 INFO  PlaceOrder:61 - Loop count for transaction --> 1
2018-10-23 16:16:18 INFO  InitializeBrowser:42 - URL to proceed with transaction  -->     https://www.bestbuy.com/site/google-chromecast-black/4397400.p?skuId=4397400
2018-10-23 16:16:18 INFO  BestBuyAddCart:13 - Inside add to cart method
2018-10-23 16:16:18 INFO  BestBuyAddCart:14 - Get Country xPath -->  [[ChromeDriver: chrome on XP (8239fa8fabdf1721570c329c02847657)] -> xpath: //a[@class='us-link']]
2018-10-23 16:18:06 INFO  PlaceOrder:61 - Loop count for transaction --> 2
2018-10-23 16:18:15 INFO  InitializeBrowser:42 - URL to proceed with transaction  -->     https://www.bestbuy.com/site/google-chromecast-black/4397400.p?skuId=4397400
2018-10-23 16:18:15 INFO  BestBuyAddCart:13 - Inside add to cart method
2018-10-23 16:18:15 INFO  BestBuyAddCart:14 - Get Country xPath -->  [[ChromeDriver: chrome on XP (39b2356580d8467751ff1eb8142f621f)] -> xpath: //a[@class='us-link']]
2018-10-23 16:18:55 INFO  PlaceOrder:54 - New Message 1 inserted
2018-10-23 16:18:55 INFO  PlaceOrder:56 - logger created Successfully
2018-10-23 16:18:55 INFO  PlaceOrder:57 - transactionOrder ID --> 143
2018-10-23 16:18:55 INFO  PlaceOrder:58 - transactionOrder Count --> 1
2018-10-23 16:18:55 INFO  PlaceOrder:59 - transactionOrder URL --> https://www.bestbuy.com/site/google-home-mini-smart-speaker-with-google-assistant-charcoal/6082195.p?skuId=6082195
2018-10-23 16:18:55 INFO  PlaceOrder:61 - Loop count for transaction --> 1
2018-10-23 16:19:03 INFO  InitializeBrowser:42 - URL to proceed with transaction  -->     https://www.bestbuy.com/site/google-home-mini-smart-speaker-with-google-assistant-charcoal/6082195.p?skuId=6082195
2018-10-23 16:19:03 INFO  BestBuyAddCart:13 - Inside add to cart method
2018-10-23 16:19:03 INFO  BestBuyAddCart:14 - Get Country xPath -->  [[ChromeDriver: chrome on XP (b8c1d06a0e86c064fa52d2b1d4ca01c4)] -> xpath: //a[@class='us-link']]
2018-10-23 16:19:51 INFO  PlaceOrder:74 - Record are new or not Proceed
2018-10-23 16:19:51 INFO  PlaceOrder:74 - Record are new or not Proceed
2018-10-23 16:19:51 INFO  PlaceOrder:74 - Record are new or not Proceed
2018-10-23 16:19:51 INFO  PlaceOrder:74 - Record are new or not Proceed
2018-10-23 16:19:51 INFO  PlaceOrder:74 - Record are new or not Proceed
2018-10-23 16:19:51 INFO  PlaceOrder:74 - Record are new or not Proceed
2018-10-23 16:19:51 INFO  PlaceOrder:74 - Record are new or not Proceed
2018-10-23 16:19:51 INFO  PlaceOrder:74 - Record are new or not Proceed
2018-10-23 16:19:51 INFO  PlaceOrder:74 - Record are new or not Proceed
2018-10-23 16:19:51 INFO  PlaceOrder:74 - Record are new or not Proceed
2018-10-23 16:19:51 INFO  PlaceOrder:74 - Record are new or not Proceed
2018-10-23 16:19:51 INFO  PlaceOrder:74 - Record are new or not Proceed
2018-10-23 16:19:51 INFO  PlaceOrder:74 - Record are new or not Proceed
2018-10-23 16:19:51 INFO  PlaceOrder:74 - Record are new or not Proceed
2018-10-23 16:19:51 INFO  PlaceOrder:74 - Record are new or not Proceed
2018-10-23 16:19:51 INFO  PlaceOrder:74 - Record are new or not Proceed
2018-10-23 16:19:51 INFO  PlaceOrder:54 - New Message 1 inserted
2018-10-23 16:19:51 INFO  PlaceOrder:56 - logger created Successfully
2018-10-23 16:19:51 INFO  PlaceOrder:57 - transactionOrder ID --> 176
2018-10-23 16:19:51 INFO  PlaceOrder:58 - transactionOrder Count --> 9
2018-10-23 16:19:51 INFO  PlaceOrder:59 - transactionOrder URL --> https://www.bestbuy.com/site/google-chromecast-black/4397400.p?skuId=4397400
2018-10-23 16:19:51 INFO  PlaceOrder:61 - Loop count for transaction --> 1
2018-10-23 16:20:01 INFO  InitializeBrowser:42 - URL to proceed with transaction  -->     https://www.bestbuy.com/site/google-chromecast-black/4397400.p?skuId=4397400
2018-10-23 16:20:01 INFO  BestBuyAddCart:13 - Inside add to cart method
2018-10-23 16:20:01 INFO  BestBuyAddCart:14 - Get Country xPath -->  [[ChromeDriver: chrome on XP (a4171eb47b17343eb27058e5a392e19d)] -> xpath: //a[@class='us-link']]
2018-10-23 16:20:42 INFO  PlaceOrder:61 - Loop count for transaction --> 2
2018-10-23 16:20:51 INFO  InitializeBrowser:42 - URL to proceed with transaction  -->     https://www.bestbuy.com/site/google-chromecast-black/4397400.p?skuId=4397400
2018-10-23 16:20:51 INFO  BestBuyAddCart:13 - Inside add to cart method
2018-10-23 16:20:51 INFO  BestBuyAddCart:14 - Get Country xPath -->  [[ChromeDriver: chrome on XP (ce60dac068ad259a8862b5e903930599)] -> xpath: //a[@class='us-link']]
2018-10-23 16:21:34 INFO  PlaceOrder:80 - org.apache.http.conn.HttpHostConnectException: Connect to localhost:2236 [localhost/127.0.0.1, localhost/0:0:0:0:0:0:0:1] failed: Connection refused: connect
Build info: version: '3.6.0', revision: '6fbf3ec767', time: '2017-09-27T16:15:40.131Z'
System info: host: 'SURAJ', ip: '192.168.1.101', os.name: 'Windows 7', os.arch: 'x86', os.version: '6.1', java.version: '1.8.0_151'
Driver info: driver.version: RemoteWebDriver
2018-10-23 16:21:34 INFO  PlaceOrder:54 - New Message 1 inserted
2018-10-23 16:21:34 INFO  PlaceOrder:56 - logger created Successfully
2018-10-23 16:21:34 INFO  PlaceOrder:57 - transactionOrder ID --> 178
2018-10-23 16:21:34 INFO  PlaceOrder:58 - transactionOrder Count --> 12
2018-10-23 16:21:34 INFO  PlaceOrder:59 - transactionOrder URL --> https://www.bestbuy.com/site/google-chromecast-black/4397400.p?skuId=4397400
2018-10-23 16:21:34 INFO  PlaceOrder:61 - Loop count for transaction --> 1
2018-10-23 17:11:57 INFO  PlaceOrder:54 - New Message 1 inserted
2018-10-23 17:11:57 INFO  PlaceOrder:57 - logger created Successfully
2018-10-23 17:11:57 INFO  PlaceOrder:58 - transactionOrder ID --> 142
2018-10-23 17:11:57 INFO  PlaceOrder:59 - transactionOrder Count --> 2
2018-10-23 17:11:57 INFO  PlaceOrder:60 - transactionOrder URL --> https://www.bestbuy.com/site/google-chromecast-black/4397400.p?skuId=4397400
2018-10-23 17:12:29 INFO  InitializeBrowser:42 - URL to proceed with transaction  -->     https://www.bestbuy.com/site/google-chromecast-black/4397400.p?skuId=4397400
2018-10-23 17:12:29 INFO  BestBuyAddCart:19 - Get Country xPath -->  [[ChromeDriver: chrome on XP (3894adc0fc1d6e5ee8e63f38e7480ac1)] -> xpath: //a[@class='us-link']]
2018-10-23 17:12:49 INFO  BestBuyAddCart:24 - Loop count for transaction --> 1
2018-10-23 17:13:21 INFO  BestBuyAddCart:24 - Loop count for transaction --> 2
2018-10-23 17:15:51 INFO  PlaceOrder:54 - New Message 1 inserted
2018-10-23 17:15:51 INFO  PlaceOrder:57 - logger created Successfully
2018-10-23 17:15:51 INFO  PlaceOrder:58 - transactionOrder ID --> 143
2018-10-23 17:15:51 INFO  PlaceOrder:59 - transactionOrder Count --> 1
2018-10-23 17:15:51 INFO  PlaceOrder:60 - transactionOrder URL --> https://www.bestbuy.com/site/google-home-mini-smart-speaker-with-google-assistant-charcoal/6082195.p?skuId=6082195
2018-10-23 17:16:12 INFO  InitializeBrowser:42 - URL to proceed with transaction  -->     https://www.bestbuy.com/site/google-home-mini-smart-speaker-with-google-assistant-charcoal/6082195.p?skuId=6082195
2018-10-23 17:16:12 INFO  BestBuyAddCart:19 - Get Country xPath -->  [[ChromeDriver: chrome on XP (922f4f19f0df6378ae9ef64122d91609)] -> xpath: //a[@class='us-link']]
2018-10-23 17:16:28 INFO  BestBuyAddCart:24 - Loop count for transaction --> 1
2018-10-23 17:25:32 INFO  PlaceOrder:54 - New Message 1 inserted
2018-10-23 17:25:32 INFO  PlaceOrder:58 - logger created Successfully
2018-10-23 17:25:32 INFO  PlaceOrder:59 - transactionOrder ID --> 142
2018-10-23 17:25:32 INFO  PlaceOrder:60 - transactionOrder Count --> 2
2018-10-23 17:25:32 INFO  PlaceOrder:61 - transactionOrder URL --> https://www.bestbuy.com/site/google-chromecast-black/4397400.p?skuId=4397400
2018-10-23 17:38:37 INFO  PlaceOrder:54 - New Message 1 inserted
2018-10-23 17:38:37 INFO  PlaceOrder:56 - logger created Successfully
2018-10-23 17:38:37 INFO  PlaceOrder:57 - transactionOrder ID --> 142
2018-10-23 17:38:37 INFO  PlaceOrder:58 - transactionOrder Count --> 2
2018-10-23 17:38:37 INFO  PlaceOrder:59 - transactionOrder URL --> https://www.bestbuy.com/site/google-chromecast-black/4397400.p?skuId=4397400
2018-10-23 17:38:49 INFO  InitializeBrowser:42 - URL to proceed with transaction  -->     https://www.bestbuy.com/site/google-chromecast-black/4397400.p?skuId=4397400
2018-10-23 17:38:50 INFO  BestBuyAddCart:23 - Get Country xPath -->  [[ChromeDriver: chrome on XP (46fe7b7d78963399a14fe6f42fdd9d7a)] -> xpath: //a[@class='us-link']]
2018-10-23 17:39:09 INFO  BestBuyAddCart:28 - Loop count for transaction --> 1
2018-10-23 17:39:48 INFO  BestBuyAddCart:28 - Loop count for transaction --> 2
2018-10-23 17:40:23 INFO  PlaceOrder:54 - New Message 1 inserted
2018-10-23 17:40:23 INFO  PlaceOrder:56 - logger created Successfully
2018-10-23 17:40:23 INFO  PlaceOrder:57 - transactionOrder ID --> 143
2018-10-23 17:40:23 INFO  PlaceOrder:58 - transactionOrder Count --> 1
2018-10-23 17:40:23 INFO  PlaceOrder:59 - transactionOrder URL --> https://www.bestbuy.com/site/google-home-mini-smart-speaker-with-google-assistant-charcoal/6082195.p?skuId=6082195
2018-10-23 17:40:32 INFO  InitializeBrowser:42 - URL to proceed with transaction  -->     https://www.bestbuy.com/site/google-home-mini-smart-speaker-with-google-assistant-charcoal/6082195.p?skuId=6082195
2018-10-23 17:40:32 INFO  BestBuyAddCart:23 - Get Country xPath -->  [[ChromeDriver: chrome on XP (1f8f750fb61fa792b8b345210a8d5936)] -> xpath: //a[@class='us-link']]
2018-10-23 17:40:54 INFO  BestBuyAddCart:28 - Loop count for transaction --> 1
2018-10-23 17:41:29 INFO  PlaceOrder:87 - org.apache.http.conn.HttpHostConnectException: Connect to localhost:42311 [localhost/127.0.0.1, localhost/0:0:0:0:0:0:0:1] failed: Connection refused: connect
Build info: version: '3.6.0', revision: '6fbf3ec767', time: '2017-09-27T16:15:40.131Z'
System info: host: 'SURAJ', ip: '192.168.1.101', os.name: 'Windows 7', os.arch: 'x86', os.version: '6.1', java.version: '1.8.0_151'
Driver info: driver.version: RemoteWebDriver
2018-10-23 17:41:29 INFO  PlaceOrder:81 - Record are new or not Proceed
2018-10-23 17:41:29 INFO  PlaceOrder:81 - Record are new or not Proceed
2018-10-23 17:41:29 INFO  PlaceOrder:81 - Record are new or not Proceed
2018-10-23 17:41:29 INFO  PlaceOrder:81 - Record are new or not Proceed
2018-10-23 17:41:29 INFO  PlaceOrder:81 - Record are new or not Proceed
2018-10-23 17:41:30 INFO  PlaceOrder:81 - Record are new or not Proceed
2018-10-23 17:41:30 INFO  PlaceOrder:81 - Record are new or not Proceed
2018-10-23 17:41:30 INFO  PlaceOrder:81 - Record are new or not Proceed
2018-10-23 17:41:30 INFO  PlaceOrder:81 - Record are new or not Proceed
2018-10-23 17:41:30 INFO  PlaceOrder:81 - Record are new or not Proceed
2018-10-23 17:41:30 INFO  PlaceOrder:81 - Record are new or not Proceed
2018-10-23 17:41:30 INFO  PlaceOrder:81 - Record are new or not Proceed
2018-10-23 17:41:30 INFO  PlaceOrder:81 - Record are new or not Proceed
2018-10-23 17:41:30 INFO  PlaceOrder:81 - Record are new or not Proceed
2018-10-23 17:41:30 INFO  PlaceOrder:81 - Record are new or not Proceed
2018-10-23 17:41:30 INFO  PlaceOrder:81 - Record are new or not Proceed
2018-10-23 17:41:30 INFO  PlaceOrder:81 - Record are new or not Proceed
2018-10-23 17:41:30 INFO  PlaceOrder:81 - Record are new or not Proceed
2018-10-23 17:41:30 INFO  PlaceOrder:81 - Record are new or not Proceed
2018-10-23 17:41:30 INFO  PlaceOrder:81 - Record are new or not Proceed
2018-10-23 17:41:30 INFO  PlaceOrder:81 - Record are new or not Proceed
2018-10-23 17:41:30 INFO  PlaceOrder:81 - Record are new or not Proceed
2018-10-23 17:41:30 INFO  PlaceOrder:81 - Record are new or not Proceed
2018-10-23 17:41:30 INFO  PlaceOrder:81 - Record are new or not Proceed
2018-10-23 17:41:30 INFO  PlaceOrder:81 - Record are new or not Proceed
2018-10-23 17:41:30 INFO  PlaceOrder:81 - Record are new or not Proceed
2018-10-23 17:41:30 INFO  PlaceOrder:81 - Record are new or not Proceed
2018-10-23 17:41:30 INFO  PlaceOrder:81 - Record are new or not Proceed
2018-10-23 17:41:30 INFO  PlaceOrder:81 - Record are new or not Proceed
2018-10-23 17:41:30 INFO  PlaceOrder:81 - Record are new or not Proceed
2018-10-23 17:41:30 INFO  PlaceOrder:81 - Record are new or not Proceed
2018-10-23 17:41:30 INFO  PlaceOrder:81 - Record are new or not Proceed
2018-10-23 17:41:30 INFO  PlaceOrder:81 - Record are new or not Proceed
2018-10-23 17:41:30 INFO  PlaceOrder:81 - Record are new or not Proceed
2018-10-23 17:41:30 INFO  PlaceOrder:81 - Record are new or not Proceed
2018-10-23 17:41:30 INFO  PlaceOrder:54 - New Message 1 inserted
2018-10-23 17:41:30 INFO  PlaceOrder:56 - logger created Successfully
2018-10-23 17:41:30 INFO  PlaceOrder:57 - transactionOrder ID --> 214
2018-10-23 17:41:30 INFO  PlaceOrder:58 - transactionOrder Count --> 12
2018-10-23 17:41:30 INFO  PlaceOrder:59 - transactionOrder URL --> https://www.bestbuy.com/site/google-chromecast-black/4397400.p?skuId=4397400
2018-10-23 17:41:40 INFO  InitializeBrowser:42 - URL to proceed with transaction  -->     https://www.bestbuy.com/site/google-chromecast-black/4397400.p?skuId=4397400
2018-10-23 17:41:40 INFO  BestBuyAddCart:23 - Get Country xPath -->  [[ChromeDriver: chrome on XP (6aeeeb0e1cffa95f5deca681e7d3551e)] -> xpath: //a[@class='us-link']]
2018-10-23 17:41:54 INFO  BestBuyAddCart:28 - Loop count for transaction --> 1
2018-10-23 17:46:43 INFO  PlaceOrder:54 - New Message 1 inserted
2018-10-23 17:46:44 INFO  PlaceOrder:57 - logger created Successfully
2018-10-23 17:46:44 INFO  PlaceOrder:58 - transactionOrder ID --> 142
2018-10-23 17:46:45 INFO  PlaceOrder:59 - transactionOrder Count --> 2
2018-10-23 17:46:46 INFO  PlaceOrder:60 - transactionOrder URL --> https://www.bestbuy.com/site/google-chromecast-black/4397400.p?skuId=4397400
2018-10-23 17:49:01 INFO  PlaceOrder:54 - New Message 1 inserted
2018-10-23 17:49:02 INFO  PlaceOrder:57 - logger created Successfully
2018-10-23 17:49:02 INFO  PlaceOrder:58 - transactionOrder ID --> 142
2018-10-23 17:49:02 INFO  PlaceOrder:59 - transactionOrder Count --> 2
2018-10-23 17:49:03 INFO  PlaceOrder:60 - transactionOrder URL --> https://www.bestbuy.com/site/google-chromecast-black/4397400.p?skuId=4397400
2018-10-23 17:49:15 INFO  BestBuyAddCart:24 - Get Country xPath -->  [[ChromeDriver: chrome on XP (b6c00fb0ac2944cacb648cf5ba4629a1)] -> xpath: //a[@class='us-link']]
2018-10-23 17:50:07 INFO  BestBuyAddCart:29 - Loop count for transaction --> 1
2018-10-23 17:50:33 INFO  BestBuyAddCart:29 - Loop count for transaction --> 2
2018-10-23 17:51:01 INFO  PlaceOrder:54 - New Message 1 inserted
2018-10-23 17:51:01 INFO  PlaceOrder:57 - logger created Successfully
2018-10-23 17:51:01 INFO  PlaceOrder:58 - transactionOrder ID --> 143
2018-10-23 17:51:01 INFO  PlaceOrder:59 - transactionOrder Count --> 1
2018-10-23 17:51:01 INFO  PlaceOrder:60 - transactionOrder URL --> https://www.bestbuy.com/site/google-home-mini-smart-speaker-with-google-assistant-charcoal/6082195.p?skuId=6082195
2018-10-23 17:52:25 INFO  PlaceOrder:54 - New Message 1 inserted
2018-10-23 17:52:25 INFO  PlaceOrder:57 - logger created Successfully
2018-10-23 17:52:25 INFO  PlaceOrder:58 - transactionOrder ID --> 142
2018-10-23 17:52:25 INFO  PlaceOrder:59 - transactionOrder Count --> 2
2018-10-23 17:52:25 INFO  PlaceOrder:60 - transactionOrder URL --> https://www.bestbuy.com/site/google-chromecast-black/4397400.p?skuId=4397400
2018-10-23 17:52:39 INFO  BestBuyAddCart:24 - Get Country xPath -->  [[ChromeDriver: chrome on XP (e143c6c2d6a40b053af4f2e3741b79c3)] -> xpath: //a[@class='us-link']]
2018-10-23 17:52:54 INFO  BestBuyAddCart:29 - Loop count for transaction --> 1
2018-10-23 17:53:24 INFO  BestBuyAddCart:29 - Loop count for transaction --> 2
2018-10-23 17:53:52 INFO  PlaceOrder:54 - New Message 1 inserted
2018-10-23 17:53:52 INFO  PlaceOrder:57 - logger created Successfully
2018-10-23 17:53:52 INFO  PlaceOrder:58 - transactionOrder ID --> 143
2018-10-23 17:53:52 INFO  PlaceOrder:59 - transactionOrder Count --> 1
2018-10-23 17:53:52 INFO  PlaceOrder:60 - transactionOrder URL --> https://www.bestbuy.com/site/google-home-mini-smart-speaker-with-google-assistant-charcoal/6082195.p?skuId=6082195
2018-10-23 17:55:15 INFO  BestBuyAddCart:24 - Get Country xPath -->  Proxy element for: DefaultElementLocator 'By.xpath: //a[@class='us-link']'
2018-10-23 17:55:42 INFO  BestBuyAddCart:29 - Loop count for transaction --> 1
2018-10-23 18:05:50 INFO  PlaceOrder:54 - New Message 1 inserted
2018-10-23 18:05:50 INFO  PlaceOrder:58 - logger created Successfully
2018-10-23 18:05:50 INFO  PlaceOrder:59 - transactionOrder ID --> 142
2018-10-23 18:05:50 INFO  PlaceOrder:60 - transactionOrder Count --> 2
2018-10-23 18:05:50 INFO  PlaceOrder:61 - transactionOrder URL --> https://www.bestbuy.com/site/google-chromecast-black/4397400.p?skuId=4397400
2018-10-23 18:05:55 INFO  BestBuyAddCart:28 - Get Country xPath -->  [[ChromeDriver: chrome on XP (f31f4482a55b0093079187473b4cd334)] -> xpath: //a[@class='us-link']]
2018-10-23 18:10:43 INFO  BestBuyAddCart:36 - Loop count for transaction --> 1
2018-10-23 18:11:04 INFO  BestBuyAddCart:36 - Loop count for transaction --> 2
2018-10-23 18:11:25 INFO  PlaceOrder:54 - New Message 1 inserted
2018-10-23 18:11:25 INFO  PlaceOrder:58 - logger created Successfully
2018-10-23 18:11:25 INFO  PlaceOrder:59 - transactionOrder ID --> 143
2018-10-23 18:11:25 INFO  PlaceOrder:60 - transactionOrder Count --> 1
2018-10-23 18:11:25 INFO  PlaceOrder:61 - transactionOrder URL --> https://www.bestbuy.com/site/google-home-mini-smart-speaker-with-google-assistant-charcoal/6082195.p?skuId=6082195
2018-10-23 18:11:26 INFO  BestBuyAddCart:28 - Get Country xPath -->  Proxy element for: DefaultElementLocator 'By.xpath: //a[@class='us-link']'
2018-10-23 18:13:02 INFO  PlaceOrder:54 - New Message 1 inserted
2018-10-23 18:13:02 INFO  PlaceOrder:58 - logger created Successfully
2018-10-23 18:13:02 INFO  PlaceOrder:59 - transactionOrder ID --> 142
2018-10-23 18:13:02 INFO  PlaceOrder:60 - transactionOrder Count --> 2
2018-10-23 18:13:02 INFO  PlaceOrder:61 - transactionOrder URL --> https://www.bestbuy.com/site/google-chromecast-black/4397400.p?skuId=4397400
2018-10-23 18:13:03 INFO  BestBuyAddCart:28 - Get Country xPath -->  Proxy element for: DefaultElementLocator 'By.xpath: //a[@class='us-link']'
2018-10-23 18:13:19 INFO  BestBuyAddCart:36 - Loop count for transaction --> 1
2018-10-23 18:14:18 INFO  PlaceOrder:54 - New Message 1 inserted
2018-10-23 18:14:18 INFO  PlaceOrder:58 - logger created Successfully
2018-10-23 18:14:18 INFO  PlaceOrder:59 - transactionOrder ID --> 142
2018-10-23 18:14:18 INFO  PlaceOrder:60 - transactionOrder Count --> 2
2018-10-23 18:14:18 INFO  PlaceOrder:61 - transactionOrder URL --> https://www.bestbuy.com/site/google-chromecast-black/4397400.p?skuId=4397400
2018-10-23 18:14:27 INFO  BestBuyAddCart:28 - Get Country xPath -->  [[ChromeDriver: chrome on XP (738e2c94af056f383798b5d20d2acd6a)] -> xpath: //a[@class='us-link']]
2018-10-23 18:15:20 INFO  BestBuyAddCart:36 - Loop count for transaction --> 1
2018-10-23 18:16:14 INFO  PlaceOrder:54 - New Message 1 inserted
2018-10-23 18:16:14 INFO  PlaceOrder:58 - logger created Successfully
2018-10-23 18:16:14 INFO  PlaceOrder:59 - transactionOrder ID --> 143
2018-10-23 18:16:14 INFO  PlaceOrder:60 - transactionOrder Count --> 1
2018-10-23 18:16:14 INFO  PlaceOrder:61 - transactionOrder URL --> https://www.bestbuy.com/site/google-home-mini-smart-speaker-with-google-assistant-charcoal/6082195.p?skuId=6082195
2018-10-23 18:28:54 INFO  PlaceOrder:54 - New Message 1 inserted
2018-10-23 18:28:54 INFO  PlaceOrder:58 - logger created Successfully
2018-10-23 18:28:54 INFO  PlaceOrder:59 - transactionOrder ID --> 142
2018-10-23 18:28:54 INFO  PlaceOrder:60 - transactionOrder Count --> 2
2018-10-23 18:28:54 INFO  PlaceOrder:61 - transactionOrder URL --> https://www.bestbuy.com/site/google-chromecast-black/4397400.p?skuId=4397400
2018-10-23 18:29:05 INFO  BestBuyAddCart:28 - Get Country xPath -->  [[ChromeDriver: chrome on XP (179cb33f1cf39f1eaf09f8e2b75820c8)] -> xpath: //a[@class='us-link']]
2018-10-23 18:30:01 INFO  BestBuyAddCart:36 - Loop count for transaction --> 1
2018-10-23 18:30:55 INFO  BestBuyAddCart:36 - Loop count for transaction --> 2
2018-10-23 18:31:21 INFO  PlaceOrder:54 - New Message 1 inserted
2018-10-23 18:31:21 INFO  PlaceOrder:58 - logger created Successfully
2018-10-23 18:31:21 INFO  PlaceOrder:59 - transactionOrder ID --> 143
2018-10-23 18:31:21 INFO  PlaceOrder:60 - transactionOrder Count --> 1
2018-10-23 18:31:21 INFO  PlaceOrder:61 - transactionOrder URL --> https://www.bestbuy.com/site/google-home-mini-smart-speaker-with-google-assistant-charcoal/6082195.p?skuId=6082195
2018-10-23 18:31:29 INFO  BestBuyAddCart:28 - Get Country xPath -->  Proxy element for: DefaultElementLocator 'By.xpath: //a[@class='us-link']'
2018-10-23 18:31:29 INFO  BestBuyAddCart:36 - Loop count for transaction --> 1
2018-10-23 18:31:54 INFO  BestBuyCheckoutTest:78 - Checkout started for current order transaction
2018-10-23 18:34:18 INFO  PlaceOrder:54 - New Message 1 inserted
2018-10-23 18:34:18 INFO  PlaceOrder:58 - logger created Successfully
2018-10-23 18:34:18 INFO  PlaceOrder:59 - transactionOrder ID --> 142
2018-10-23 18:34:18 INFO  PlaceOrder:60 - transactionOrder Count --> 2
2018-10-23 18:34:18 INFO  PlaceOrder:61 - transactionOrder URL --> https://www.bestbuy.com/site/google-chromecast-black/4397400.p?skuId=4397400
2018-10-23 18:34:26 INFO  BestBuyAddCart:28 - Get Country xPath -->  [[ChromeDriver: chrome on XP (13830f9ea21989cc1c0d01bc0ffe36fb)] -> xpath: //a[@class='us-link']]
2018-10-23 18:35:17 INFO  BestBuyAddCart:36 - Loop count for transaction --> 1
2018-10-23 18:36:14 INFO  BestBuyAddCart:36 - Loop count for transaction --> 2
2018-10-23 18:36:42 INFO  PlaceOrder:54 - New Message 1 inserted
2018-10-23 18:36:42 INFO  PlaceOrder:58 - logger created Successfully
2018-10-23 18:36:42 INFO  PlaceOrder:59 - transactionOrder ID --> 143
2018-10-23 18:36:42 INFO  PlaceOrder:60 - transactionOrder Count --> 1
2018-10-23 18:36:42 INFO  PlaceOrder:61 - transactionOrder URL --> https://www.bestbuy.com/site/google-home-mini-smart-speaker-with-google-assistant-charcoal/6082195.p?skuId=6082195
2018-10-23 18:37:15 INFO  BestBuyCheckoutTest:78 - Checkout started for current order transaction
2018-10-23 18:42:24 INFO  PlaceOrder:54 - New Message 1 inserted
2018-10-23 18:42:24 INFO  PlaceOrder:58 - logger created Successfully
2018-10-23 18:42:24 INFO  PlaceOrder:59 - transactionOrder ID --> 142
2018-10-23 18:42:24 INFO  PlaceOrder:60 - transactionOrder Count --> 2
2018-10-23 18:42:24 INFO  PlaceOrder:61 - transactionOrder URL --> https://www.bestbuy.com/site/google-chromecast-black/4397400.p?skuId=4397400
2018-10-23 18:42:33 INFO  BestBuyAddCart:28 - Get Country xPath -->  [[ChromeDriver: chrome on XP (5a13073ce45b6bd6445ad2c1881ce5ce)] -> xpath: //a[@class='us-link']]
2018-10-23 18:43:22 INFO  BestBuyAddCart:36 - Loop count for transaction --> 1
2018-10-23 18:44:01 INFO  BestBuyAddCart:36 - Loop count for transaction --> 2
2018-10-23 18:44:32 INFO  PlaceOrder:54 - New Message 1 inserted
2018-10-23 18:44:32 INFO  PlaceOrder:58 - logger created Successfully
2018-10-23 18:44:32 INFO  PlaceOrder:59 - transactionOrder ID --> 143
2018-10-23 18:44:32 INFO  PlaceOrder:60 - transactionOrder Count --> 1
2018-10-23 18:44:32 INFO  PlaceOrder:61 - transactionOrder URL --> https://www.bestbuy.com/site/google-home-mini-smart-speaker-with-google-assistant-charcoal/6082195.p?skuId=6082195
2018-10-23 18:44:42 INFO  BestBuyAddCart:28 - Get Country xPath -->  Proxy element for: DefaultElementLocator 'By.xpath: //a[@class='us-link']'
2018-10-23 18:44:42 INFO  BestBuyAddCart:36 - Loop count for transaction --> 1
2018-10-23 18:45:09 INFO  BestBuyCheckoutTest:78 - Checkout started for current order transaction
2018-10-23 18:51:24 INFO  PlaceOrder:54 - New Message 1 inserted
2018-10-23 18:51:24 INFO  PlaceOrder:58 - logger created Successfully
2018-10-23 18:51:24 INFO  PlaceOrder:59 - transactionOrder ID --> 142
2018-10-23 18:51:24 INFO  PlaceOrder:60 - transactionOrder Count --> 2
2018-10-23 18:51:24 INFO  PlaceOrder:61 - transactionOrder URL --> https://www.bestbuy.com/site/google-chromecast-black/4397400.p?skuId=4397400
2018-10-23 18:51:29 INFO  BestBuyAddCart:28 - Get Country xPath -->  [[ChromeDriver: chrome on XP (d9d957279372ba70288f326b11731708)] -> xpath: //a[@class='us-link']]
2018-10-23 18:51:47 INFO  BestBuyAddCart:36 - Loop count for transaction --> 1
2018-10-23 18:52:25 INFO  PlaceOrder:54 - New Message 1 inserted
2018-10-23 18:52:25 INFO  PlaceOrder:58 - logger created Successfully
2018-10-23 18:52:25 INFO  PlaceOrder:59 - transactionOrder ID --> 143
2018-10-23 18:52:25 INFO  PlaceOrder:60 - transactionOrder Count --> 1
2018-10-23 18:52:25 INFO  PlaceOrder:61 - transactionOrder URL --> https://www.bestbuy.com/site/google-home-mini-smart-speaker-with-google-assistant-charcoal/6082195.p?skuId=6082195
2018-10-23 18:52:27 INFO  BestBuyCheckoutTest:23 - Checkout Process has been started
2018-10-23 18:52:29 INFO  BestBuyCheckoutTest:32 - Checkout option selected, Proceed with Checkout
2018-10-23 18:52:41 INFO  PlaceOrder:93 - org.apache.http.conn.HttpHostConnectException: Connect to localhost:35546 [localhost/127.0.0.1, localhost/0:0:0:0:0:0:0:1] failed: Connection refused: connect
Build info: version: '3.6.0', revision: '6fbf3ec767', time: '2017-09-27T16:15:40.131Z'
System info: host: 'SURAJ', ip: '192.168.1.101', os.name: 'Windows 7', os.arch: 'x86', os.version: '6.1', java.version: '1.8.0_151'
Driver info: driver.version: RemoteWebDriver
2018-10-23 18:52:41 INFO  PlaceOrder:87 - Record are new or not Proceed
2018-10-23 18:52:41 INFO  PlaceOrder:87 - Record are new or not Proceed
2018-10-23 18:52:41 INFO  PlaceOrder:87 - Record are new or not Proceed
2018-10-23 18:52:41 INFO  PlaceOrder:87 - Record are new or not Proceed
2018-10-23 18:52:41 INFO  PlaceOrder:87 - Record are new or not Proceed
2018-10-23 18:52:41 INFO  PlaceOrder:87 - Record are new or not Proceed
2018-10-23 18:52:41 INFO  PlaceOrder:87 - Record are new or not Proceed
2018-10-23 18:52:41 INFO  PlaceOrder:87 - Record are new or not Proceed
2018-10-23 18:52:41 INFO  PlaceOrder:87 - Record are new or not Proceed
2018-10-23 18:52:41 INFO  PlaceOrder:87 - Record are new or not Proceed
2018-10-23 18:52:41 INFO  PlaceOrder:87 - Record are new or not Proceed
2018-10-23 18:52:41 INFO  PlaceOrder:87 - Record are new or not Proceed
2018-10-23 18:52:41 INFO  PlaceOrder:87 - Record are new or not Proceed
2018-10-23 18:52:41 INFO  PlaceOrder:87 - Record are new or not Proceed
2018-10-23 18:52:41 INFO  PlaceOrder:87 - Record are new or not Proceed
2018-10-23 18:52:41 INFO  PlaceOrder:87 - Record are new or not Proceed
2018-10-23 18:52:41 INFO  PlaceOrder:87 - Record are new or not Proceed
2018-10-23 18:52:42 INFO  PlaceOrder:87 - Record are new or not Proceed
2018-10-23 18:52:42 INFO  PlaceOrder:87 - Record are new or not Proceed
2018-10-23 18:52:42 INFO  PlaceOrder:87 - Record are new or not Proceed
2018-10-23 18:52:42 INFO  PlaceOrder:87 - Record are new or not Proceed
2018-10-23 18:52:42 INFO  PlaceOrder:87 - Record are new or not Proceed
2018-10-23 18:52:42 INFO  PlaceOrder:87 - Record are new or not Proceed
2018-10-23 18:52:42 INFO  PlaceOrder:87 - Record are new or not Proceed
2018-10-23 18:52:42 INFO  PlaceOrder:87 - Record are new or not Proceed
2018-10-23 18:52:42 INFO  PlaceOrder:87 - Record are new or not Proceed
2018-10-23 18:52:42 INFO  PlaceOrder:87 - Record are new or not Proceed
2018-10-23 18:52:42 INFO  PlaceOrder:87 - Record are new or not Proceed
2018-10-23 18:52:42 INFO  PlaceOrder:87 - Record are new or not Proceed
2018-10-23 18:52:42 INFO  PlaceOrder:87 - Record are new or not Proceed
2018-10-23 18:52:42 INFO  PlaceOrder:87 - Record are new or not Proceed
2018-10-23 18:52:42 INFO  PlaceOrder:87 - Record are new or not Proceed
2018-10-23 18:52:42 INFO  PlaceOrder:87 - Record are new or not Proceed
2018-10-23 18:52:42 INFO  PlaceOrder:87 - Record are new or not Proceed
2018-10-23 18:52:42 INFO  PlaceOrder:87 - Record are new or not Proceed
2018-10-23 18:52:42 INFO  PlaceOrder:87 - Record are new or not Proceed
2018-10-23 18:52:46 INFO  PlaceOrder:54 - New Message 1 inserted
2018-10-23 18:52:46 INFO  PlaceOrder:58 - logger created Successfully
2018-10-23 18:52:46 INFO  PlaceOrder:59 - transactionOrder ID --> 216
2018-10-23 18:52:46 INFO  PlaceOrder:60 - transactionOrder Count --> 12
2018-10-23 18:52:46 INFO  PlaceOrder:61 - transactionOrder URL --> https://www.bestbuy.com/site/google-chromecast-black/4397400.p?skuId=4397400
2018-10-23 18:52:47 INFO  PlaceOrder:54 - New Message 1 inserted
2018-10-23 18:52:47 INFO  PlaceOrder:58 - logger created Successfully
2018-10-23 18:52:47 INFO  PlaceOrder:59 - transactionOrder ID --> 217
2018-10-23 18:52:47 INFO  PlaceOrder:60 - transactionOrder Count --> 2
2018-10-23 18:52:47 INFO  PlaceOrder:61 - transactionOrder URL --> https://www.bestbuy.com/site/google-home-mini-smart-speaker-with-google-assistant-charcoal/6082195.p?skuId=6082195
2018-10-23 18:52:47 INFO  BestBuyCheckoutTest:23 - Checkout Process has been started
2018-10-23 18:56:50 INFO  PlaceOrder:54 - New Message 1 inserted
2018-10-23 18:56:50 INFO  PlaceOrder:58 - logger created Successfully
2018-10-23 18:56:50 INFO  PlaceOrder:59 - transactionOrder ID --> 142
2018-10-23 18:56:50 INFO  PlaceOrder:60 - transactionOrder Count --> 2
2018-10-23 18:56:50 INFO  PlaceOrder:61 - transactionOrder URL --> https://www.bestbuy.com/site/google-chromecast-black/4397400.p?skuId=4397400
2018-10-23 18:56:58 INFO  BestBuyAddCart:28 - Get Country xPath -->  [[ChromeDriver: chrome on XP (5960206d150d3a493db494ae43386bba)] -> xpath: //a[@class='us-link']]
2018-10-23 18:57:12 INFO  BestBuyAddCart:36 - Loop count for transaction --> 1
2018-10-23 18:57:39 INFO  BestBuyAddCart:36 - Loop count for transaction --> 2
2018-10-23 18:57:57 INFO  PlaceOrder:54 - New Message 1 inserted
2018-10-23 18:57:57 INFO  PlaceOrder:58 - logger created Successfully
2018-10-23 18:57:57 INFO  PlaceOrder:59 - transactionOrder ID --> 143
2018-10-23 18:57:57 INFO  PlaceOrder:60 - transactionOrder Count --> 1
2018-10-23 18:57:57 INFO  PlaceOrder:61 - transactionOrder URL --> https://www.bestbuy.com/site/google-home-mini-smart-speaker-with-google-assistant-charcoal/6082195.p?skuId=6082195
2018-10-23 18:58:07 INFO  BestBuyCheckoutTest:23 - Checkout Process has been started
2018-10-23 18:58:09 INFO  BestBuyCheckoutTest:32 - Checkout option selected, Proceed with Checkout
2018-10-23 18:58:21 INFO  PlaceOrder:93 - org.apache.http.conn.HttpHostConnectException: Connect to localhost:21326 [localhost/127.0.0.1, localhost/0:0:0:0:0:0:0:1] failed: Connection refused: connect
Build info: version: '3.6.0', revision: '6fbf3ec767', time: '2017-09-27T16:15:40.131Z'
System info: host: 'SURAJ', ip: '192.168.1.101', os.name: 'Windows 7', os.arch: 'x86', os.version: '6.1', java.version: '1.8.0_151'
Driver info: driver.version: RemoteWebDriver
2018-10-23 18:58:21 INFO  PlaceOrder:87 - Record are new or not Proceed
2018-10-23 18:58:21 INFO  PlaceOrder:87 - Record are new or not Proceed
2018-10-23 18:58:21 INFO  PlaceOrder:87 - Record are new or not Proceed
2018-10-23 18:58:21 INFO  PlaceOrder:87 - Record are new or not Proceed
2018-10-23 18:58:21 INFO  PlaceOrder:87 - Record are new or not Proceed
2018-10-23 18:58:21 INFO  PlaceOrder:87 - Record are new or not Proceed
2018-10-23 18:58:21 INFO  PlaceOrder:87 - Record are new or not Proceed
2018-10-23 18:58:21 INFO  PlaceOrder:87 - Record are new or not Proceed
2018-10-23 18:58:21 INFO  PlaceOrder:87 - Record are new or not Proceed
2018-10-23 18:58:21 INFO  PlaceOrder:87 - Record are new or not Proceed
2018-10-23 18:58:21 INFO  PlaceOrder:87 - Record are new or not Proceed
2018-10-23 18:58:21 INFO  PlaceOrder:87 - Record are new or not Proceed
2018-10-23 18:58:21 INFO  PlaceOrder:87 - Record are new or not Proceed
2018-10-23 18:58:21 INFO  PlaceOrder:87 - Record are new or not Proceed
2018-10-23 18:58:21 INFO  PlaceOrder:87 - Record are new or not Proceed
2018-10-23 18:58:21 INFO  PlaceOrder:87 - Record are new or not Proceed
2018-10-23 18:58:21 INFO  PlaceOrder:87 - Record are new or not Proceed
2018-10-23 18:58:21 INFO  PlaceOrder:87 - Record are new or not Proceed
2018-10-23 18:58:21 INFO  PlaceOrder:87 - Record are new or not Proceed
2018-10-23 18:58:21 INFO  PlaceOrder:87 - Record are new or not Proceed
2018-10-23 18:58:21 INFO  PlaceOrder:87 - Record are new or not Proceed
2018-10-23 18:58:21 INFO  PlaceOrder:87 - Record are new or not Proceed
2018-10-23 18:58:21 INFO  PlaceOrder:87 - Record are new or not Proceed
2018-10-23 18:58:21 INFO  PlaceOrder:87 - Record are new or not Proceed
2018-10-23 18:58:21 INFO  PlaceOrder:87 - Record are new or not Proceed
2018-10-23 18:58:21 INFO  PlaceOrder:87 - Record are new or not Proceed
2018-10-23 18:58:21 INFO  PlaceOrder:87 - Record are new or not Proceed
2018-10-23 18:58:21 INFO  PlaceOrder:87 - Record are new or not Proceed
2018-10-23 18:58:21 INFO  PlaceOrder:87 - Record are new or not Proceed
2018-10-23 18:58:22 INFO  PlaceOrder:87 - Record are new or not Proceed
2018-10-23 18:58:22 INFO  PlaceOrder:87 - Record are new or not Proceed
2018-10-23 18:58:22 INFO  PlaceOrder:87 - Record are new or not Proceed
2018-10-23 18:58:22 INFO  PlaceOrder:87 - Record are new or not Proceed
2018-10-23 18:58:22 INFO  PlaceOrder:87 - Record are new or not Proceed
2018-10-23 18:58:22 INFO  PlaceOrder:87 - Record are new or not Proceed
2018-10-23 18:58:22 INFO  PlaceOrder:87 - Record are new or not Proceed
2018-10-23 18:58:22 INFO  PlaceOrder:87 - Record are new or not Proceed
2018-10-23 18:58:26 INFO  PlaceOrder:54 - New Message 1 inserted
2018-10-23 18:58:26 INFO  PlaceOrder:58 - logger created Successfully
2018-10-23 18:58:26 INFO  PlaceOrder:59 - transactionOrder ID --> 218
2018-10-23 18:58:26 INFO  PlaceOrder:60 - transactionOrder Count --> 12
2018-10-23 18:58:26 INFO  PlaceOrder:61 - transactionOrder URL --> https://www.bestbuy.com/site/google-chromecast-black/4397400.p?skuId=4397400
2018-10-23 18:58:31 INFO  BestBuyAddCart:28 - Get Country xPath -->  [[ChromeDriver: chrome on XP (cee7fb696b95a2f1e4f806817731b3f7)] -> xpath: //a[@class='us-link']]
2018-10-23 18:58:45 INFO  BestBuyAddCart:36 - Loop count for transaction --> 1
2018-10-23 18:58:54 INFO  PlaceOrder:54 - New Message 1 inserted
2018-10-23 18:58:54 INFO  PlaceOrder:58 - logger created Successfully
2018-10-23 18:58:54 INFO  PlaceOrder:59 - transactionOrder ID --> 219
2018-10-23 18:58:54 INFO  PlaceOrder:60 - transactionOrder Count --> 2
2018-10-23 18:58:54 INFO  PlaceOrder:61 - transactionOrder URL --> https://www.bestbuy.com/site/google-home-mini-smart-speaker-with-google-assistant-charcoal/6082195.p?skuId=6082195
2018-10-23 18:58:54 INFO  BestBuyCheckoutTest:23 - Checkout Process has been started
2018-10-23 18:59:24 INFO  BestBuyCheckoutTest:32 - Checkout option selected, Proceed with Checkout
2018-10-23 18:59:35 INFO  PlaceOrder:93 - no such window: target window already closed
from unknown error: web view not found
  (Session info: chrome=70.0.3538.67)
  (Driver info: chromedriver=2.36.540470 (e522d04694c7ebea4ba8821272dbef4f9b818c91),platform=Windows NT 6.1.7601 SP1 x86) (WARNING: The server did not provide any stacktrace information)
Command duration or timeout: 0 milliseconds
Build info: version: '3.6.0', revision: '6fbf3ec767', time: '2017-09-27T16:15:40.131Z'
System info: host: 'SURAJ', ip: '192.168.1.101', os.name: 'Windows 7', os.arch: 'x86', os.version: '6.1', java.version: '1.8.0_151'
Driver info: org.openqa.selenium.chrome.ChromeDriver
Capabilities [{mobileEmulationEnabled=false, hasTouchScreen=false, platform=XP, acceptSslCerts=false, acceptInsecureCerts=false, webStorageEnabled=true, browserName=chrome, takesScreenshot=true, javascriptEnabled=true, platformName=XP, setWindowRect=true, unexpectedAlertBehaviour=, applicationCacheEnabled=false, rotatable=false, networkConnectionEnabled=false, chrome={chromedriverVersion=2.36.540470 (e522d04694c7ebea4ba8821272dbef4f9b818c91), userDataDir=C:\Users\RAVIKU~1\AppData\Local\Temp\scoped_dir6156_9849}, takesHeapSnapshot=true, pageLoadStrategy=normal, unhandledPromptBehavior=, databaseEnabled=false, handlesAlerts=true, version=70.0.3538.67, browserConnectionEnabled=false, nativeEvents=true, locationContextEnabled=true, cssSelectorsEnabled=true}]
Session ID: cee7fb696b95a2f1e4f806817731b3f7
*** Element info: {Using=id, value=fld-e}
2018-10-23 18:59:39 INFO  PlaceOrder:54 - New Message 1 inserted
2018-10-23 18:59:39 INFO  PlaceOrder:58 - logger created Successfully
2018-10-23 18:59:39 INFO  PlaceOrder:59 - transactionOrder ID --> 220
2018-10-23 18:59:39 INFO  PlaceOrder:60 - transactionOrder Count --> 9
2018-10-23 18:59:39 INFO  PlaceOrder:61 - transactionOrder URL --> https://www.bestbuy.com/site/google-chromecast-black/4397400.p?skuId=4397400
2018-10-23 18:59:43 INFO  BestBuyAddCart:28 - Get Country xPath -->  [[ChromeDriver: chrome on XP (9b99511122e8bda029a1bd01d7695eb8)] -> xpath: //a[@class='us-link']]
2018-10-23 18:59:58 INFO  BestBuyAddCart:36 - Loop count for transaction --> 1
2018-10-23 19:00:28 INFO  BestBuyAddCart:36 - Loop count for transaction --> 2
2018-10-23 19:00:52 INFO  BestBuyAddCart:36 - Loop count for transaction --> 3
2018-10-23 19:01:36 INFO  BestBuyAddCart:36 - Loop count for transaction --> 4
2018-10-23 19:02:00 INFO  BestBuyAddCart:36 - Loop count for transaction --> 5
2018-10-23 19:02:23 INFO  BestBuyAddCart:36 - Loop count for transaction --> 6
2018-10-23 19:02:46 INFO  BestBuyAddCart:36 - Loop count for transaction --> 7
2018-10-23 19:03:09 INFO  BestBuyAddCart:36 - Loop count for transaction --> 8
2018-10-23 19:03:34 INFO  BestBuyAddCart:36 - Loop count for transaction --> 9
2018-10-23 19:03:49 INFO  PlaceOrder:54 - New Message 1 inserted
2018-10-23 19:03:49 INFO  PlaceOrder:58 - logger created Successfully
2018-10-23 19:03:49 INFO  PlaceOrder:59 - transactionOrder ID --> 221
2018-10-23 19:03:49 INFO  PlaceOrder:60 - transactionOrder Count --> 5
2018-10-23 19:03:49 INFO  PlaceOrder:61 - transactionOrder URL --> https://www.bestbuy.com/site/google-home-mini-smart-speaker-with-google-assistant-charcoal/6082195.p?skuId=6082195
2018-10-23 19:10:28 INFO  BestBuyCheckoutTest:23 - Checkout Process has been started
2018-10-23 19:10:30 INFO  BestBuyCheckoutTest:32 - Checkout option selected, Proceed with Checkout
2018-10-23 19:10:42 INFO  PlaceOrder:93 - org.apache.http.conn.HttpHostConnectException: Connect to localhost:7780 [localhost/127.0.0.1, localhost/0:0:0:0:0:0:0:1] failed: Connection refused: connect
Build info: version: '3.6.0', revision: '6fbf3ec767', time: '2017-09-27T16:15:40.131Z'
System info: host: 'SURAJ', ip: '192.168.1.101', os.name: 'Windows 7', os.arch: 'x86', os.version: '6.1', java.version: '1.8.0_151'
Driver info: driver.version: RemoteWebDriver
2018-10-23 19:10:46 INFO  PlaceOrder:54 - New Message 1 inserted
2018-10-23 19:10:46 INFO  PlaceOrder:58 - logger created Successfully
2018-10-23 19:10:46 INFO  PlaceOrder:59 - transactionOrder ID --> 222
2018-10-23 19:10:46 INFO  PlaceOrder:60 - transactionOrder Count --> 9
2018-10-23 19:10:46 INFO  PlaceOrder:61 - transactionOrder URL --> https://www.bestbuy.com/site/google-chromecast-black/4397400.p?skuId=4397400
2018-10-23 19:10:49 INFO  BestBuyAddCart:28 - Get Country xPath -->  [[ChromeDriver: chrome on XP (c3c432ccac2fb47f777a0619affad255)] -> xpath: //a[@class='us-link']]
2018-10-23 19:15:40 INFO  PlaceOrder:54 - New Message 1 inserted
2018-10-23 19:15:40 INFO  PlaceOrder:58 - logger created Successfully
2018-10-23 19:15:40 INFO  PlaceOrder:59 - transactionOrder ID --> 142
2018-10-23 19:15:40 INFO  PlaceOrder:60 - transactionOrder Count --> 2
2018-10-23 19:15:40 INFO  PlaceOrder:61 - transactionOrder URL --> https://www.bestbuy.com/site/google-chromecast-black/4397400.p?skuId=4397400
2018-10-23 19:15:48 INFO  BestBuyAddCart:35 - Get Country xPath -->  [[ChromeDriver: chrome on XP (c705374cc22dd97b6b7145ec8deb6e6d)] -> xpath: //a[@class='us-link']]
2018-10-23 19:16:07 INFO  BestBuyAddCart:42 - Loop count for transaction --> 1
2018-10-23 19:16:35 INFO  BestBuyAddCart:35 - Get Country xPath -->  Proxy element for: DefaultElementLocator 'By.xpath: //a[@class='us-link']'
2018-10-23 19:16:35 INFO  BestBuyAddCart:42 - Loop count for transaction --> 2
2018-10-23 19:16:52 INFO  PlaceOrder:54 - New Message 1 inserted
2018-10-23 19:16:52 INFO  PlaceOrder:58 - logger created Successfully
2018-10-23 19:16:52 INFO  PlaceOrder:59 - transactionOrder ID --> 143
2018-10-23 19:16:52 INFO  PlaceOrder:60 - transactionOrder Count --> 1
2018-10-23 19:16:52 INFO  PlaceOrder:61 - transactionOrder URL --> https://www.bestbuy.com/site/google-home-mini-smart-speaker-with-google-assistant-charcoal/6082195.p?skuId=6082195
2018-10-23 19:17:01 INFO  BestBuyAddCart:35 - Get Country xPath -->  Proxy element for: DefaultElementLocator 'By.xpath: //a[@class='us-link']'
2018-10-23 19:17:01 INFO  BestBuyAddCart:42 - Loop count for transaction --> 1
2018-10-23 19:17:19 INFO  BestBuyCheckoutTest:23 - Checkout Process has been started
2018-10-23 19:17:23 INFO  BestBuyCheckoutTest:32 - Checkout option selected, Proceed with Checkout
2018-10-23 19:21:35 INFO  PlaceOrder:54 - New Message 1 inserted
2018-10-23 19:21:35 INFO  PlaceOrder:58 - logger created Successfully
2018-10-23 19:21:35 INFO  PlaceOrder:59 - transactionOrder ID --> 142
2018-10-23 19:21:35 INFO  PlaceOrder:60 - transactionOrder Count --> 2
2018-10-23 19:21:35 INFO  PlaceOrder:61 - transactionOrder URL --> https://www.bestbuy.com/site/google-chromecast-black/4397400.p?skuId=4397400
2018-10-23 19:21:39 INFO  BestBuyAddCart:35 - Get Country xPath -->  [[ChromeDriver: chrome on XP (5fcdea71430bd238f91a0475130473d0)] -> xpath: //a[@class='us-link']]
2018-10-23 19:21:58 INFO  BestBuyAddCart:42 - Loop count for transaction --> 1
2018-10-23 19:23:41 INFO  PlaceOrder:54 - New Message 1 inserted
2018-10-23 19:23:41 INFO  PlaceOrder:58 - logger created Successfully
2018-10-23 19:23:41 INFO  PlaceOrder:59 - transactionOrder ID --> 142
2018-10-23 19:23:41 INFO  PlaceOrder:60 - transactionOrder Count --> 2
2018-10-23 19:23:41 INFO  PlaceOrder:61 - transactionOrder URL --> https://www.bestbuy.com/site/google-chromecast-black/4397400.p?skuId=4397400
2018-10-23 19:23:45 INFO  BestBuyAddCart:35 - Get Country xPath -->  [[ChromeDriver: chrome on XP (60d35d74d84ff2fe2fa27ee62c335d2b)] -> xpath: //a[@class='us-link']]
2018-10-23 19:24:05 INFO  BestBuyAddCart:42 - Loop count for transaction --> 1
2018-10-23 19:24:37 INFO  PlaceOrder:54 - New Message 1 inserted
2018-10-23 19:24:37 INFO  PlaceOrder:58 - logger created Successfully
2018-10-23 19:24:37 INFO  PlaceOrder:59 - transactionOrder ID --> 143
2018-10-23 19:24:37 INFO  PlaceOrder:60 - transactionOrder Count --> 1
2018-10-23 19:24:37 INFO  PlaceOrder:61 - transactionOrder URL --> https://www.bestbuy.com/site/google-home-mini-smart-speaker-with-google-assistant-charcoal/6082195.p?skuId=6082195
2018-10-23 19:25:26 INFO  BestBuyCheckoutTest:23 - Checkout Process has been started
2018-10-23 19:26:03 INFO  BestBuyCheckoutTest:32 - Checkout option selected, Proceed with Checkout
2018-10-23 19:30:53 INFO  PlaceOrder:54 - New Message 1 inserted
2018-10-23 19:30:53 INFO  PlaceOrder:58 - logger created Successfully
2018-10-23 19:30:53 INFO  PlaceOrder:59 - transactionOrder ID --> 142
2018-10-23 19:30:53 INFO  PlaceOrder:60 - transactionOrder Count --> 2
2018-10-23 19:30:53 INFO  PlaceOrder:61 - transactionOrder URL --> https://www.bestbuy.com/site/google-chromecast-black/4397400.p?skuId=4397400
2018-10-23 19:30:57 INFO  BestBuyAddCart:35 - Get Country xPath -->  [[ChromeDriver: chrome on XP (7258ab180b814988685236648c873a3d)] -> xpath: //a[@class='us-link']]
2018-10-23 19:31:17 INFO  BestBuyAddCart:42 - Loop count for transaction --> 1
2018-10-23 21:39:29 INFO  PlaceOrder:54 - New Message 1 inserted
2018-10-23 21:39:29 INFO  PlaceOrder:58 - logger created Successfully
2018-10-23 21:39:29 INFO  PlaceOrder:59 - transactionOrder ID --> 143
2018-10-23 21:39:29 INFO  PlaceOrder:60 - transactionOrder Count --> 1
2018-10-23 21:39:29 INFO  PlaceOrder:61 - transactionOrder URL --> https://www.bestbuy.com/site/google-home-mini-smart-speaker-with-google-assistant-charcoal/6082195.p?skuId=6082195
2018-10-23 21:43:42 INFO  PlaceOrder:54 - New Message 1 inserted
2018-10-23 21:43:42 INFO  PlaceOrder:58 - logger created Successfully
2018-10-23 21:43:42 INFO  PlaceOrder:59 - transactionOrder ID --> 142
2018-10-23 21:43:42 INFO  PlaceOrder:60 - transactionOrder Count --> 2
2018-10-23 21:43:42 INFO  PlaceOrder:61 - transactionOrder URL --> https://www.bestbuy.com/site/google-chromecast-black/4397400.p?skuId=4397400
2018-10-23 21:43:51 INFO  BestBuyAddCart:35 - Get Country xPath -->  Proxy element for: DefaultElementLocator 'By.xpath: //a[@class='us-link']'
2018-10-23 21:43:57 INFO  BestBuyAddCart:42 - Loop count for transaction --> 1
2018-10-23 21:44:21 INFO  PlaceOrder:54 - New Message 1 inserted
2018-10-23 21:44:21 INFO  PlaceOrder:58 - logger created Successfully
2018-10-23 21:44:21 INFO  PlaceOrder:59 - transactionOrder ID --> 142
2018-10-23 21:44:21 INFO  PlaceOrder:60 - transactionOrder Count --> 2
2018-10-23 21:44:21 INFO  PlaceOrder:61 - transactionOrder URL --> https://www.bestbuy.com/site/google-chromecast-black/4397400.p?skuId=4397400
2018-10-23 21:44:28 INFO  BestBuyAddCart:35 - Get Country xPath -->  [[ChromeDriver: chrome on XP (4119a3ba90118a2f473e625bdf62a92f)] -> xpath: //a[@class='us-link']]
2018-10-23 21:44:50 INFO  BestBuyAddCart:42 - Loop count for transaction --> 1
2018-10-23 21:53:29 INFO  PlaceOrder:54 - New Message 1 inserted
2018-10-23 21:53:29 INFO  PlaceOrder:58 - logger created Successfully
2018-10-23 21:53:29 INFO  PlaceOrder:59 - transactionOrder ID --> 142
2018-10-23 21:53:29 INFO  PlaceOrder:60 - transactionOrder Count --> 2
2018-10-23 21:53:29 INFO  PlaceOrder:61 - transactionOrder URL --> https://www.bestbuy.com/site/google-chromecast-black/4397400.p?skuId=4397400
2018-10-23 21:53:45 INFO  BestBuyAddCart:27 - Get Country xPath -->  [[ChromeDriver: chrome on XP (e9f56c463a90bc2545a6943ed209126c)] -> xpath: //a[@class='us-link']]
2018-10-23 21:54:11 INFO  BestBuyAddCart:44 - Loop count for transaction --> 1
2018-10-23 21:54:32 INFO  BestBuyAddCart:44 - Loop count for transaction --> 2
2018-10-23 21:54:44 INFO  PlaceOrder:54 - New Message 1 inserted
2018-10-23 21:54:44 INFO  PlaceOrder:58 - logger created Successfully
2018-10-23 21:54:44 INFO  PlaceOrder:59 - transactionOrder ID --> 143
2018-10-23 21:54:44 INFO  PlaceOrder:60 - transactionOrder Count --> 1
2018-10-23 21:54:44 INFO  PlaceOrder:61 - transactionOrder URL --> https://www.bestbuy.com/site/google-home-mini-smart-speaker-with-google-assistant-charcoal/6082195.p?skuId=6082195
2018-10-23 21:55:18 INFO  BestBuyAddCart:27 - Get Country xPath -->  Proxy element for: DefaultElementLocator 'By.xpath: //a[@class='us-link']'
2018-10-23 21:55:18 INFO  BestBuyAddCart:44 - Loop count for transaction --> 1
2018-10-23 21:55:40 INFO  BestBuyCheckoutTest:23 - Checkout Process has been started
2018-10-23 21:56:10 INFO  BestBuyCheckoutTest:32 - Checkout option selected, Proceed with Checkout
2018-10-23 22:01:45 INFO  PlaceOrder:54 - New Message 1 inserted
2018-10-23 22:01:45 INFO  PlaceOrder:58 - logger created Successfully
2018-10-23 22:01:45 INFO  PlaceOrder:59 - transactionOrder ID --> 142
2018-10-23 22:01:45 INFO  PlaceOrder:60 - transactionOrder Count --> 2
2018-10-23 22:01:45 INFO  PlaceOrder:61 - transactionOrder URL --> https://www.bestbuy.com/site/google-chromecast-black/4397400.p?skuId=4397400
2018-10-23 22:02:01 INFO  BestBuyAddCart:27 - Get Country xPath -->  [[ChromeDriver: chrome on XP (ca3ebd4026ef70aefc927e363039b6f3)] -> xpath: //a[@class='us-link']]
2018-10-23 22:02:27 INFO  BestBuyAddCart:44 - Loop count for transaction --> 1
2018-10-23 22:02:37 INFO  BestBuyAddCart:44 - Loop count for transaction --> 2
2018-10-23 22:02:46 INFO  PlaceOrder:54 - New Message 1 inserted
2018-10-23 22:02:46 INFO  PlaceOrder:58 - logger created Successfully
2018-10-23 22:02:46 INFO  PlaceOrder:59 - transactionOrder ID --> 143
2018-10-23 22:02:46 INFO  PlaceOrder:60 - transactionOrder Count --> 1
2018-10-23 22:02:46 INFO  PlaceOrder:61 - transactionOrder URL --> https://www.bestbuy.com/site/google-home-mini-smart-speaker-with-google-assistant-charcoal/6082195.p?skuId=6082195
2018-10-23 22:03:34 INFO  BestBuyAddCart:27 - Get Country xPath -->  Proxy element for: DefaultElementLocator 'By.xpath: //a[@class='us-link']'
2018-10-23 22:03:34 INFO  BestBuyAddCart:44 - Loop count for transaction --> 1
2018-10-23 22:04:03 INFO  BestBuyCheckoutTest:23 - Checkout Process has been started
2018-10-23 22:06:08 INFO  PlaceOrder:54 - New Message 1 inserted
2018-10-23 22:06:08 INFO  PlaceOrder:58 - logger created Successfully
2018-10-23 22:06:08 INFO  PlaceOrder:59 - transactionOrder ID --> 142
2018-10-23 22:06:08 INFO  PlaceOrder:60 - transactionOrder Count --> 2
2018-10-23 22:06:08 INFO  PlaceOrder:61 - transactionOrder URL --> https://www.bestbuy.com/site/google-chromecast-black/4397400.p?skuId=4397400
2018-10-23 22:06:18 INFO  BestBuyAddCart:27 - Get Country xPath -->  [[ChromeDriver: chrome on XP (c8021f7ad12bb6cb1988a2d32c06910e)] -> xpath: //a[@class='us-link']]
2018-10-23 22:06:39 INFO  BestBuyAddCart:44 - Loop count for transaction --> 1
2018-10-23 22:06:48 INFO  BestBuyAddCart:44 - Loop count for transaction --> 2
2018-10-23 22:06:57 INFO  PlaceOrder:54 - New Message 1 inserted
2018-10-23 22:06:57 INFO  PlaceOrder:58 - logger created Successfully
2018-10-23 22:06:57 INFO  PlaceOrder:59 - transactionOrder ID --> 143
2018-10-23 22:06:57 INFO  PlaceOrder:60 - transactionOrder Count --> 1
2018-10-23 22:06:57 INFO  PlaceOrder:61 - transactionOrder URL --> https://www.bestbuy.com/site/google-home-mini-smart-speaker-with-google-assistant-charcoal/6082195.p?skuId=6082195
2018-10-23 22:07:09 INFO  BestBuyAddCart:27 - Get Country xPath -->  Proxy element for: DefaultElementLocator 'By.xpath: //a[@class='us-link']'
2018-10-23 22:07:09 INFO  BestBuyAddCart:44 - Loop count for transaction --> 1
2018-10-23 22:07:32 INFO  BestBuyCheckoutTest:23 - Checkout Process has been started
2018-10-23 22:07:46 INFO  BestBuyCheckoutTest:33 - Go to cart to start checkout process
2018-10-23 22:08:30 INFO  BestBuyCheckoutTest:38 - Checkout option selected, Proceed with Checkout
