2018-10-23 15:45:39 INFO  PlaceOrder:54 - New Message 1 inserted
2018-10-23 15:45:39 INFO  PlaceOrder:54 - logger created Successfully
2018-10-23 15:45:39 INFO  PlaceOrder:55 - transactionOrder ID --> 172
2018-10-23 15:45:39 INFO  PlaceOrder:56 - transactionOrder Count --> 9
2018-10-23 15:45:39 INFO  PlaceOrder:57 - transactionOrder URL --> https://www.bestbuy.com/site/google-chromecast-black/4397400.p?skuId=4397400
2018-10-23 15:45:39 INFO  PlaceOrder:59 - Loop count for transaction --> 1
2018-10-23 15:45:45 INFO  InitializeBrowser:41 - URL to proceed with transaction  -->     https://www.bestbuy.com/site/google-chromecast-black/4397400.p?skuId=4397400
2018-10-23 15:45:45 INFO  BestBuyAddCart:8 - Inside add to cart method
2018-10-23 15:45:45 INFO  BestBuyAddCart:9 - Get Country xPath -->  null
2018-10-23 15:46:52 INFO  PlaceOrder:59 - Loop count for transaction --> 2
2018-10-23 15:46:57 INFO  InitializeBrowser:41 - URL to proceed with transaction  -->     https://www.bestbuy.com/site/google-chromecast-black/4397400.p?skuId=4397400
2018-10-23 15:46:57 INFO  BestBuyAddCart:8 - Inside add to cart method
2018-10-23 15:46:57 INFO  BestBuyAddCart:9 - Get Country xPath -->  null
2018-10-23 15:47:05 INFO  PlaceOrder:59 - Loop count for transaction --> 3
2018-10-23 15:47:12 INFO  InitializeBrowser:41 - URL to proceed with transaction  -->     https://www.bestbuy.com/site/google-chromecast-black/4397400.p?skuId=4397400
2018-10-23 15:47:12 INFO  BestBuyAddCart:8 - Inside add to cart method
2018-10-23 15:47:12 INFO  BestBuyAddCart:9 - Get Country xPath -->  null
2018-10-23 15:47:14 INFO  PlaceOrder:59 - Loop count for transaction --> 4
2018-10-23 15:47:20 INFO  InitializeBrowser:41 - URL to proceed with transaction  -->     https://www.bestbuy.com/site/google-chromecast-black/4397400.p?skuId=4397400
2018-10-23 15:47:20 INFO  BestBuyAddCart:8 - Inside add to cart method
2018-10-23 15:47:20 INFO  BestBuyAddCart:9 - Get Country xPath -->  null
2018-10-23 15:47:21 INFO  PlaceOrder:59 - Loop count for transaction --> 5
2018-10-23 15:47:27 INFO  InitializeBrowser:41 - URL to proceed with transaction  -->     https://www.bestbuy.com/site/google-chromecast-black/4397400.p?skuId=4397400
2018-10-23 15:47:27 INFO  BestBuyAddCart:8 - Inside add to cart method
2018-10-23 15:47:27 INFO  BestBuyAddCart:9 - Get Country xPath -->  null
2018-10-23 15:47:28 INFO  PlaceOrder:59 - Loop count for transaction --> 6
2018-10-23 15:48:56 INFO  PlaceOrder:78 - session not created exception
from tab crashed
  (Session info: chrome=70.0.3538.67)
  (Driver info: chromedriver=2.36.540470 (e522d04694c7ebea4ba8821272dbef4f9b818c91),platform=Windows NT 6.1.7601 SP1 x86) (WARNING: The server did not provide any stacktrace information)
Command duration or timeout: 87.44 seconds
Build info: version: '3.6.0', revision: '6fbf3ec767', time: '2017-09-27T16:15:40.131Z'
System info: host: 'SURAJ', ip: '192.168.1.101', os.name: 'Windows 7', os.arch: 'x86', os.version: '6.1', java.version: '1.8.0_151'
Driver info: driver.version: ChromeDriver
2018-10-23 15:48:56 INFO  PlaceOrder:54 - New Message 1 inserted
2018-10-23 15:48:56 INFO  PlaceOrder:54 - logger created Successfully
2018-10-23 15:48:56 INFO  PlaceOrder:55 - transactionOrder ID --> 174
2018-10-23 15:48:56 INFO  PlaceOrder:56 - transactionOrder Count --> 9
2018-10-23 15:48:56 INFO  PlaceOrder:57 - transactionOrder URL --> https://www.bestbuy.com/site/google-chromecast-black/4397400.p?skuId=4397400
2018-10-23 15:48:56 INFO  PlaceOrder:59 - Loop count for transaction --> 1
2018-10-23 15:49:02 INFO  InitializeBrowser:41 - URL to proceed with transaction  -->     https://www.bestbuy.com/site/google-chromecast-black/4397400.p?skuId=4397400
2018-10-23 15:49:02 INFO  BestBuyAddCart:8 - Inside add to cart method
2018-10-23 15:49:02 INFO  BestBuyAddCart:9 - Get Country xPath -->  null
2018-10-23 15:49:04 INFO  PlaceOrder:59 - Loop count for transaction --> 2
2018-10-23 15:49:10 INFO  InitializeBrowser:41 - URL to proceed with transaction  -->     https://www.bestbuy.com/site/google-chromecast-black/4397400.p?skuId=4397400
2018-10-23 15:49:10 INFO  BestBuyAddCart:8 - Inside add to cart method
2018-10-23 15:49:10 INFO  BestBuyAddCart:9 - Get Country xPath -->  null
2018-10-23 15:49:11 INFO  PlaceOrder:59 - Loop count for transaction --> 3
2018-10-23 15:49:17 INFO  InitializeBrowser:41 - URL to proceed with transaction  -->     https://www.bestbuy.com/site/google-chromecast-black/4397400.p?skuId=4397400
2018-10-23 15:49:17 INFO  BestBuyAddCart:8 - Inside add to cart method
2018-10-23 15:49:17 INFO  BestBuyAddCart:9 - Get Country xPath -->  null
2018-10-23 15:49:18 INFO  PlaceOrder:59 - Loop count for transaction --> 4
2018-10-23 15:49:23 INFO  InitializeBrowser:41 - URL to proceed with transaction  -->     https://www.bestbuy.com/site/google-chromecast-black/4397400.p?skuId=4397400
2018-10-23 15:49:23 INFO  BestBuyAddCart:8 - Inside add to cart method
2018-10-23 15:49:23 INFO  BestBuyAddCart:9 - Get Country xPath -->  null
2018-10-23 15:49:24 INFO  PlaceOrder:59 - Loop count for transaction --> 5
2018-10-23 15:49:30 INFO  InitializeBrowser:41 - URL to proceed with transaction  -->     https://www.bestbuy.com/site/google-chromecast-black/4397400.p?skuId=4397400
2018-10-23 15:49:30 INFO  BestBuyAddCart:8 - Inside add to cart method
2018-10-23 15:49:30 INFO  BestBuyAddCart:9 - Get Country xPath -->  null
2018-10-23 15:49:31 INFO  PlaceOrder:59 - Loop count for transaction --> 6
2018-10-23 15:49:37 INFO  InitializeBrowser:41 - URL to proceed with transaction  -->     https://www.bestbuy.com/site/google-chromecast-black/4397400.p?skuId=4397400
2018-10-23 15:49:37 INFO  BestBuyAddCart:8 - Inside add to cart method
2018-10-23 15:49:37 INFO  BestBuyAddCart:9 - Get Country xPath -->  null
2018-10-23 15:49:38 INFO  PlaceOrder:59 - Loop count for transaction --> 7
2018-10-23 15:49:44 INFO  InitializeBrowser:41 - URL to proceed with transaction  -->     https://www.bestbuy.com/site/google-chromecast-black/4397400.p?skuId=4397400
2018-10-23 15:49:44 INFO  BestBuyAddCart:8 - Inside add to cart method
2018-10-23 15:49:44 INFO  BestBuyAddCart:9 - Get Country xPath -->  null
2018-10-23 15:49:46 INFO  PlaceOrder:59 - Loop count for transaction --> 8
2018-10-23 15:49:52 INFO  InitializeBrowser:41 - URL to proceed with transaction  -->     https://www.bestbuy.com/site/google-chromecast-black/4397400.p?skuId=4397400
2018-10-23 15:49:52 INFO  BestBuyAddCart:8 - Inside add to cart method
2018-10-23 15:49:52 INFO  BestBuyAddCart:9 - Get Country xPath -->  null
2018-10-23 15:49:53 INFO  PlaceOrder:59 - Loop count for transaction --> 9
2018-10-23 15:49:57 INFO  InitializeBrowser:41 - URL to proceed with transaction  -->     https://www.bestbuy.com/site/google-chromecast-black/4397400.p?skuId=4397400
2018-10-23 15:49:57 INFO  BestBuyAddCart:8 - Inside add to cart method
2018-10-23 15:49:57 INFO  BestBuyAddCart:9 - Get Country xPath -->  null
2018-10-23 15:50:20 INFO  BestBuyCheckoutTest:78 - Checkout started for current order transaction
